21:17:01.349 [JavaFX Application Thread] DEBUG GameApplication      - Logger initialized
21:17:01.819 [JavaFX Application Thread] DEBUG GameApplication      - Starting FXGL
21:17:01.819 [JavaFX Application Thread] INFO  Version              - FXGL-0.3.9
21:17:01.820 [JavaFX Application Thread] INFO  Version              - Source code and latest versions at: https://github.com/AlmasB/FXGL
21:17:01.820 [JavaFX Application Thread] INFO  Version              -              Join the FXGL chat at: https://gitter.im/AlmasB/FXGL
21:17:01.875 [FXGL Launcher Thread     ] DEBUG FXGL                 - Loading FXGL system data
21:17:01.882 [FXGL Launcher Thread     ] DEBUG IOTask               - Executing task: readDataTask(system/fxgl.bundle)
21:17:01.891 [FXGL Launcher Thread     ] DEBUG FS                   - Reading from: system\fxgl.bundle
21:17:01.904 [FXGL Launcher Thread     ] DEBUG IOTask               - Task succeeded: readDataTask(system/fxgl.bundle)
21:17:01.904 [FXGL Launcher Thread     ] DEBUG Bundle               - Logging bundle: FXGL
21:17:01.906 [FXGL Launcher Thread     ] DEBUG Bundle               - FXGL.offline.timer.version.check=2017-12-09T23:23:28.665
21:17:01.906 [FXGL Launcher Thread     ] DEBUG GameApplication      - FXGL configuration complete
21:17:01.913 [FXGL Launcher Thread     ] INFO  GameApplication      - FXGL configuration took:  0.081 sec
21:17:01.914 [FXGL Launcher Thread     ] DEBUG GameApplication      - Logging game settings
Title: Space Invaders
Version: 0.9.7
Width: 650
Height: 800
Fullscreen: false
Intro: false
Menus: false
Profiling: false
App Mode: DEVELOPER
Menu Key: ESCAPE
Scene Factory: class com.almasb.fxgl.scene.SceneFactory
Dialog Factory: class com.almasb.fxgl.service.impl.display.FXGLDialogFactory
UI Factory: class com.almasb.fxgl.service.impl.ui.FXGLUIFactory
Notification Service: class com.almasb.fxgl.service.impl.notification.FXGLNotificationService
Exception Handler: class com.almasb.fxgl.app.FXGLExceptionHandler
21:17:01.936 [FXGL Launcher Thread     ] DEBUG GameApplication      - Configuring GameApplication
21:17:01.941 [FXGL Launcher Thread     ] DEBUG AppStateMachine      - Initializing application states
21:17:01.951 [FXGL Launcher Thread     ] DEBUG AssetLoader          - Asset cacheSize=35
21:17:01.952 [FXGL Launcher Thread     ] DEBUG AssetLoader          - Loading from disk: /assets/ui/cursors/fxgl_default.png
21:17:01.990 [FXGL Launcher Thread     ] DEBUG AssetLoader          - Loading from disk: /assets/ui/cursors/fxgl_default.png
21:17:02.007 [FXGL Launcher Thread     ] DEBUG AssetLoader          - Loading from disk: /assets/sounds/core/notification.wav
21:17:02.071 [FXGL Launcher Thread     ] DEBUG AssetLoader          - Loading from disk: /assets/sounds/menu/select.wav
21:17:02.073 [FXGL Launcher Thread     ] DEBUG AssetLoader          - Loading from disk: /assets/sounds/menu/back.wav
21:17:02.075 [FXGL Launcher Thread     ] DEBUG AssetLoader          - Loading from disk: /assets/sounds/menu/press.wav
21:17:02.078 [FXGL Launcher Thread     ] DEBUG AssetLoader          - Loading from disk: /assets/ui/fonts/kenvector_future_thin.ttf
21:17:02.236 [FXGL Launcher Thread     ] DEBUG AssetLoader          - Loading from disk: /assets/ui/fonts/lucida_console.ttf
21:17:02.240 [FXGL Launcher Thread     ] DEBUG AssetLoader          - Loading from disk: /assets/ui/css/fxgl_dark.css
21:17:02.241 [FXGL Launcher Thread     ] DEBUG AssetLoader          - Loading from disk: /assets/ui/icons/fxgl_icon.png
21:17:02.278 [FXGL Launcher Thread     ] DEBUG AssetLoader          - Loading from disk: /assets/ui/cursors/fxgl_default.png
21:17:02.307 [FXGL Launcher Thread     ] DEBUG FXGL.GameScene       - Game scene initialized: 650x800
21:17:02.315 [FXGL Launcher Thread     ] DEBUG FXGL.GameWorld       - Game world initialized
21:17:02.391 [FXGL Launcher Thread     ] DEBUG FXGL.PhysicsWorld    - Physics world initialized: appHeight=800, physics.ppm=50.0
21:17:02.420 [FXGL Launcher Thread     ] DEBUG Input                - Registered new binding: Pause - Esc
21:17:02.457 [FXGL Launcher Thread     ] INFO  GameApplication      - Game configuration took:  0.521 sec
21:17:02.463 [JavaFX Application Thread] DEBUG MainWindow           - App size > screen size
21:17:02.464 [JavaFX Application Thread] DEBUG MainWindow           - Target size: 650.0 x 800.0 @ 1.0
21:17:02.464 [JavaFX Application Thread] DEBUG MainWindow           - New size:    591.0 x 727.3846153846154 @ 0.9092307692307692
21:17:02.464 [JavaFX Application Thread] DEBUG MainWindow           - Opening main window
21:17:02.539 [JavaFX Application Thread] DEBUG MainWindow           - Root size:  650.0x760.0
21:17:02.539 [JavaFX Application Thread] DEBUG MainWindow           - Scene size: 650.0x760.0
21:17:02.540 [JavaFX Application Thread] DEBUG MainWindow           - Stage size: 656.0x788.0
21:17:02.540 [JavaFX Application Thread] DEBUG GameApplication      - Running preInit()
21:17:02.549 [JavaFX Application Thread] DEBUG AchievementManager   - Registered new achievement "Hitman"
21:17:02.550 [JavaFX Application Thread] DEBUG AchievementManager   - Registered new achievement "Master Scorer"
21:17:02.551 [JavaFX Application Thread] DEBUG Input                - Registered new binding: Screenshot - P
21:17:02.552 [JavaFX Application Thread] DEBUG Input                - Registered new binding: Dev Options - CTRL+0
21:17:02.553 [JavaFX Application Thread] DEBUG Input                - Registered new binding: Next Level - L
21:17:02.555 [JavaFX Application Thread] DEBUG Input                - Registered new binding: Move Left - A
21:17:02.557 [JavaFX Application Thread] DEBUG Input                - Registered new binding: Laser Beam - SECONDARY
21:17:02.557 [JavaFX Application Thread] DEBUG Input                - Registered new binding: Shoot - PRIMARY
21:17:02.557 [JavaFX Application Thread] DEBUG Input                - Registered new binding: Move Right - D
21:17:02.563 [JavaFX Application Thread] DEBUG AssetLoader          - Loading from disk: /assets/music/bgm.mp3
21:17:02.632 [JavaFX Application Thread] DEBUG AudioPlayer          - Playing music Music [balance=0.0, volume=1.0, rate=1.0, cycleCount=2147483647]
21:17:02.681 [JavaFX Application Thread] DEBUG GameApplication      - Starting main loop
21:17:02.690 [JavaFX Application Thread] DEBUG StartupState         - STARTUP
21:17:02.691 [JavaFX Application Thread] DEBUG GameApplication      - Starting new game
21:17:02.691 [JavaFX Application Thread] DEBUG Input                - Clearing active input actions
21:17:02.691 [JavaFX Application Thread] DEBUG AppStateMachine      - StartupState -> LoadingState
21:17:03.122 [JavaFX Application Thread] DEBUG AnnotationParser     - @SetEntityFactory: [SpaceInvadersFactory]
21:17:03.122 [JavaFX Application Thread] DEBUG AnnotationParser     - @AddCollisionHandler: [BonusPlayerHandler, BulletBossHandler, BulletEnemyHandler, BulletPlayerHandler, BulletWallHandler, LaserBeamEnemyHandler]
21:17:03.129 [FXGL Background Thread 1 ] DEBUG InitAppTask          - Clearing previous game
21:17:03.129 [FXGL Background Thread 1 ] DEBUG FXGL.GameWorld       - Clearing game world
21:17:03.129 [FXGL Background Thread 1 ] DEBUG FXGL.PhysicsWorld    - Clearing physics world
21:17:03.130 [FXGL Background Thread 1 ] DEBUG FXGL.GameScene       - Clearing game scene
21:17:03.130 [FXGL Background Thread 1 ] DEBUG InitAppTask          - Initializing Assets
21:17:03.132 [FXGL Background Thread 1 ] DEBUG InitAppTask          - Initializing Game
21:17:03.168 [FXGL Background Thread 1 ] DEBUG IOTask               - Executing task: readDataTask(./hiscore.dat)
21:17:03.169 [FXGL Background Thread 1 ] DEBUG FS                   - Reading from: .\hiscore.dat
21:17:03.171 [FXGL Background Thread 1 ] DEBUG IOTask               - Task succeeded: readDataTask(./hiscore.dat)
21:17:03.208 [FXGL Background Thread 1 ] DEBUG AssetLoader          - Loading from disk: /assets/textures/background/background.png
21:17:03.426 [FXGL Background Thread 1 ] DEBUG FXGL.GameScene       - Creating render group for layer: BACKGROUND(1000)
21:17:03.446 [FXGL Background Thread 1 ] DEBUG AssetLoader          - Loading from disk: /assets/textures/player2.png
21:17:03.453 [FXGL Background Thread 1 ] DEBUG FXGL.GameScene       - Creating render group for layer: TOP(2147483647)
21:17:03.454 [FXGL Background Thread 1 ] DEBUG InitAppTask          - Initializing Physics
21:17:03.456 [FXGL Background Thread 1 ] DEBUG InitAppTask          - Initializing UI
21:17:03.457 [FXGL Background Thread 1 ] DEBUG AssetLoader          - Loading from disk: /assets/ui/main.fxml
21:17:03.541 [FXGL Background Thread 1 ] DEBUG AssetLoader          - Loading from disk: /assets/textures/life.png
21:17:03.542 [FXGL Background Thread 1 ] DEBUG AssetLoader          - Loading from cache: /assets/textures/life.png@16.0x16.0
21:17:03.543 [FXGL Background Thread 1 ] DEBUG AssetLoader          - Loading from cache: /assets/textures/life.png@16.0x16.0
21:17:03.543 [FXGL Background Thread 1 ] DEBUG InitAppTask          - Initialization Complete
21:17:03.544 [FXGL Background Thread 1 ] INFO  InitAppTask          - Game initialization took: 0.415 sec
21:17:03.553 [JavaFX Application Thread] DEBUG Input                - Clearing active input actions
21:17:03.553 [JavaFX Application Thread] DEBUG AppStateMachine      - LoadingState -> PlayState
21:17:03.722 [JavaFX Application Thread] DEBUG AssetLoader          - Loading from disk: /assets/sounds/level.wav
21:17:05.253 [JavaFX Application Thread] DEBUG AssetLoader          - Loading from disk: /assets/textures/enemy3.png
21:17:05.265 [JavaFX Application Thread] DEBUG AssetLoader          - Loading from disk: /assets/textures/enemy1.png
21:17:05.267 [JavaFX Application Thread] DEBUG AssetLoader          - Loading from cache: /assets/textures/enemy1.png
21:17:05.269 [JavaFX Application Thread] DEBUG AssetLoader          - Loading from cache: /assets/textures/enemy1.png
21:17:05.271 [JavaFX Application Thread] DEBUG AssetLoader          - Loading from cache: /assets/textures/enemy1.png
21:17:05.273 [JavaFX Application Thread] DEBUG AssetLoader          - Loading from disk: /assets/textures/enemy2.png
21:17:05.275 [JavaFX Application Thread] DEBUG AssetLoader          - Loading from cache: /assets/textures/enemy2.png
21:17:05.277 [JavaFX Application Thread] DEBUG AssetLoader          - Loading from cache: /assets/textures/enemy3.png
21:17:05.279 [JavaFX Application Thread] DEBUG AssetLoader          - Loading from cache: /assets/textures/enemy3.png
21:17:05.280 [JavaFX Application Thread] DEBUG AssetLoader          - Loading from cache: /assets/textures/enemy1.png
21:17:05.282 [JavaFX Application Thread] DEBUG AssetLoader          - Loading from cache: /assets/textures/enemy2.png
21:17:05.284 [JavaFX Application Thread] DEBUG AssetLoader          - Loading from cache: /assets/textures/enemy3.png
21:17:05.286 [JavaFX Application Thread] DEBUG AssetLoader          - Loading from cache: /assets/textures/enemy2.png
21:17:05.288 [JavaFX Application Thread] DEBUG AssetLoader          - Loading from cache: /assets/textures/enemy2.png
21:17:05.290 [JavaFX Application Thread] DEBUG AssetLoader          - Loading from cache: /assets/textures/enemy1.png
21:17:05.292 [JavaFX Application Thread] DEBUG AssetLoader          - Loading from cache: /assets/textures/enemy1.png
21:17:05.293 [JavaFX Application Thread] DEBUG AssetLoader          - Loading from disk: /assets/textures/wall.png
21:17:05.297 [JavaFX Application Thread] DEBUG AssetLoader          - Loading from cache: /assets/textures/wall.png@77.0x34.0
21:17:05.299 [JavaFX Application Thread] DEBUG AssetLoader          - Loading from cache: /assets/textures/wall.png@77.0x34.0
21:17:05.301 [JavaFX Application Thread] DEBUG AssetLoader          - Loading from cache: /assets/textures/wall.png@77.0x34.0
21:17:05.671 [JavaFX Application Thread] DEBUG AssetLoader          - Loading from disk: /assets/textures/laser2.png
21:17:05.674 [JavaFX Application Thread] DEBUG AssetLoader          - Loading from disk: /assets/sounds/shoot2.wav
21:17:05.924 [JavaFX Application Thread] DEBUG AssetLoader          - Loading from disk: /assets/textures/player2.png
21:17:05.928 [JavaFX Application Thread] DEBUG FXGL.GameScene       - Creating render group for layer: PARTICLES(5000)
21:17:06.051 [JavaFX Application Thread] DEBUG AssetLoader          - Loading from cache: /assets/textures/laser2.png
21:17:06.052 [JavaFX Application Thread] DEBUG AssetLoader          - Loading from disk: /assets/sounds/shoot3.wav
21:17:06.085 [JavaFX Application Thread] DEBUG AssetLoader          - Loading from disk: /assets/textures/laser_hit.png
21:17:06.402 [JavaFX Application Thread] DEBUG AssetLoader          - Loading from cache: /assets/textures/laser2.png
21:17:06.403 [JavaFX Application Thread] DEBUG AssetLoader          - Loading from cache: /assets/sounds/shoot3.wav
21:17:06.452 [JavaFX Application Thread] DEBUG AssetLoader          - Loading from cache: /assets/textures/laser_hit.png@15.0x15.0
21:17:06.754 [JavaFX Application Thread] DEBUG AssetLoader          - Loading from cache: /assets/textures/laser2.png
21:17:06.755 [JavaFX Application Thread] DEBUG AssetLoader          - Loading from disk: /assets/sounds/shoot1.wav
21:17:06.787 [JavaFX Application Thread] DEBUG AssetLoader          - Loading from cache: /assets/textures/laser_hit.png@15.0x15.0
21:17:06.802 [JavaFX Application Thread] DEBUG AssetLoader          - Loading from disk: /assets/textures/background/meteor4.png
21:17:06.804 [JavaFX Application Thread] DEBUG FXGL.GameScene       - Creating render group for layer: METEORS(1001)
21:17:07.092 [JavaFX Application Thread] DEBUG AssetLoader          - Loading from cache: /assets/textures/laser2.png
21:17:07.092 [JavaFX Application Thread] DEBUG AssetLoader          - Loading from cache: /assets/sounds/shoot1.wav
21:17:07.125 [JavaFX Application Thread] DEBUG AssetLoader          - Loading from cache: /assets/textures/laser_hit.png@15.0x15.0
21:17:07.315 [JavaFX Application Thread] DEBUG AssetLoader          - Loading from disk: /assets/textures/tank_bullet.png
21:17:07.316 [JavaFX Application Thread] DEBUG AssetLoader          - Loading from cache: /assets/sounds/shoot3.wav
21:17:07.317 [JavaFX Application Thread] DEBUG AssetLoader          - Loading from cache: /assets/textures/tank_bullet.png
21:17:07.317 [JavaFX Application Thread] DEBUG AssetLoader          - Loading from cache: /assets/sounds/shoot1.wav
21:17:07.318 [JavaFX Application Thread] DEBUG AssetLoader          - Loading from cache: /assets/textures/tank_bullet.png
21:17:07.318 [JavaFX Application Thread] DEBUG AssetLoader          - Loading from cache: /assets/sounds/shoot2.wav
21:17:07.318 [JavaFX Application Thread] DEBUG AssetLoader          - Loading from cache: /assets/textures/tank_bullet.png
21:17:07.319 [JavaFX Application Thread] DEBUG AssetLoader          - Loading from disk: /assets/sounds/shoot4.wav
21:17:07.321 [JavaFX Application Thread] DEBUG AssetLoader          - Loading from cache: /assets/textures/tank_bullet.png
21:17:07.321 [JavaFX Application Thread] DEBUG AssetLoader          - Loading from cache: /assets/sounds/shoot4.wav
21:17:07.322 [JavaFX Application Thread] DEBUG AssetLoader          - Loading from cache: /assets/textures/tank_bullet.png
21:17:07.322 [JavaFX Application Thread] DEBUG AssetLoader          - Loading from cache: /assets/sounds/shoot1.wav
21:17:07.323 [JavaFX Application Thread] DEBUG AssetLoader          - Loading from cache: /assets/textures/tank_bullet.png
21:17:07.323 [JavaFX Application Thread] DEBUG AssetLoader          - Loading from cache: /assets/sounds/shoot1.wav
21:17:07.324 [JavaFX Application Thread] DEBUG AssetLoader          - Loading from cache: /assets/textures/tank_bullet.png
21:17:07.324 [JavaFX Application Thread] DEBUG AssetLoader          - Loading from cache: /assets/sounds/shoot3.wav
21:17:07.324 [JavaFX Application Thread] DEBUG AssetLoader          - Loading from cache: /assets/textures/tank_bullet.png
21:17:07.325 [JavaFX Application Thread] DEBUG AssetLoader          - Loading from cache: /assets/sounds/shoot1.wav
21:17:07.492 [JavaFX Application Thread] DEBUG AssetLoader          - Loading from cache: /assets/textures/laser2.png
21:17:07.492 [JavaFX Application Thread] DEBUG AssetLoader          - Loading from cache: /assets/sounds/shoot3.wav
21:17:07.529 [JavaFX Application Thread] DEBUG AssetLoader          - Loading from disk: /assets/textures/explosion.png
21:17:07.550 [JavaFX Application Thread] DEBUG AssetLoader          - Loading from disk: /assets/sounds/explosion.wav
21:17:07.552 [JavaFX Application Thread] DEBUG EventBus             - Firing event: com.almasb.fxglgames.spaceinvaders.event.GameEvent[source=javafx.event.Event$$Lambda$81/2132376922@46a72e74]
21:17:07.975 [JavaFX Application Thread] DEBUG AssetLoader          - Loading from cache: /assets/textures/laser2.png
21:17:07.976 [JavaFX Application Thread] DEBUG AssetLoader          - Loading from cache: /assets/sounds/shoot3.wav
21:17:08.099 [JavaFX Application Thread] DEBUG AssetLoader          - Loading from cache: /assets/textures/tank_bullet.png
21:17:08.101 [JavaFX Application Thread] DEBUG AssetLoader          - Loading from cache: /assets/sounds/shoot3.wav
21:17:08.131 [JavaFX Application Thread] DEBUG AssetLoader          - Loading from cache: /assets/textures/tank_bullet.png
21:17:08.132 [JavaFX Application Thread] DEBUG AssetLoader          - Loading from cache: /assets/sounds/shoot3.wav
21:17:08.294 [JavaFX Application Thread] DEBUG AssetLoader          - Loading from cache: /assets/textures/laser2.png
21:17:08.295 [JavaFX Application Thread] DEBUG AssetLoader          - Loading from cache: /assets/sounds/shoot1.wav
21:17:08.596 [JavaFX Application Thread] DEBUG AssetLoader          - Loading from cache: /assets/textures/laser2.png
21:17:08.597 [JavaFX Application Thread] DEBUG AssetLoader          - Loading from cache: /assets/sounds/shoot4.wav
21:17:08.899 [JavaFX Application Thread] DEBUG AssetLoader          - Loading from cache: /assets/textures/laser2.png
21:17:08.900 [JavaFX Application Thread] DEBUG AssetLoader          - Loading from cache: /assets/sounds/shoot1.wav
21:17:08.918 [JavaFX Application Thread] DEBUG AssetLoader          - Loading from cache: /assets/textures/laser_hit.png@15.0x15.0
21:17:09.043 [JavaFX Application Thread] DEBUG AssetLoader          - Loading from cache: /assets/textures/tank_bullet.png
21:17:09.044 [JavaFX Application Thread] DEBUG AssetLoader          - Loading from cache: /assets/sounds/shoot2.wav
21:17:09.202 [JavaFX Application Thread] DEBUG AssetLoader          - Loading from cache: /assets/textures/laser2.png
21:17:09.203 [JavaFX Application Thread] DEBUG AssetLoader          - Loading from cache: /assets/sounds/shoot3.wav
21:17:09.220 [JavaFX Application Thread] DEBUG AssetLoader          - Loading from cache: /assets/textures/explosion.png@1280.0x80.0
21:17:09.221 [JavaFX Application Thread] DEBUG AssetLoader          - Loading from cache: /assets/sounds/explosion.wav
21:17:09.221 [JavaFX Application Thread] DEBUG EventBus             - Firing event: com.almasb.fxglgames.spaceinvaders.event.GameEvent[source=javafx.event.Event$$Lambda$81/2132376922@46a72e74]
21:17:09.222 [JavaFX Application Thread] DEBUG EventBus             - Firing event: AchievementEvent[name=Master Scorer,description= Score 1000 points]
21:17:09.233 [JavaFX Application Thread] DEBUG EventBus             - Firing event: NotificationEvent[message=You got an achievement! Master Scorer]
21:17:09.586 [JavaFX Application Thread] DEBUG AssetLoader          - Loading from cache: /assets/textures/laser2.png
21:17:09.587 [JavaFX Application Thread] DEBUG AssetLoader          - Loading from cache: /assets/sounds/shoot1.wav
21:17:09.860 [JavaFX Application Thread] DEBUG AssetLoader          - Loading from cache: /assets/textures/background/meteor4.png
21:17:09.922 [JavaFX Application Thread] DEBUG AssetLoader          - Loading from cache: /assets/textures/laser2.png
21:17:09.923 [JavaFX Application Thread] DEBUG AssetLoader          - Loading from cache: /assets/sounds/shoot4.wav
21:17:10.243 [JavaFX Application Thread] DEBUG AssetLoader          - Loading from cache: /assets/textures/tank_bullet.png
21:17:10.244 [JavaFX Application Thread] DEBUG AssetLoader          - Loading from cache: /assets/sounds/shoot2.wav
21:17:10.274 [JavaFX Application Thread] DEBUG AssetLoader          - Loading from cache: /assets/textures/laser2.png
21:17:10.275 [JavaFX Application Thread] DEBUG AssetLoader          - Loading from cache: /assets/sounds/shoot4.wav
21:17:10.307 [JavaFX Application Thread] DEBUG AssetLoader          - Loading from cache: /assets/textures/explosion.png@1280.0x80.0
21:17:10.308 [JavaFX Application Thread] DEBUG AssetLoader          - Loading from cache: /assets/sounds/explosion.wav
21:17:10.308 [JavaFX Application Thread] DEBUG EventBus             - Firing event: com.almasb.fxglgames.spaceinvaders.event.GameEvent[source=javafx.event.Event$$Lambda$81/2132376922@46a72e74]
21:17:10.628 [JavaFX Application Thread] DEBUG AssetLoader          - Loading from cache: /assets/textures/laser2.png
21:17:10.628 [JavaFX Application Thread] DEBUG AssetLoader          - Loading from cache: /assets/sounds/shoot4.wav
21:17:10.931 [JavaFX Application Thread] DEBUG AssetLoader          - Loading from cache: /assets/textures/laser2.png
21:17:10.932 [JavaFX Application Thread] DEBUG AssetLoader          - Loading from cache: /assets/sounds/shoot4.wav
21:17:11.266 [JavaFX Application Thread] DEBUG AssetLoader          - Loading from cache: /assets/textures/laser2.png
21:17:11.267 [JavaFX Application Thread] DEBUG AssetLoader          - Loading from cache: /assets/sounds/shoot4.wav
21:17:11.618 [JavaFX Application Thread] DEBUG AssetLoader          - Loading from cache: /assets/textures/laser2.png
21:17:11.619 [JavaFX Application Thread] DEBUG AssetLoader          - Loading from cache: /assets/sounds/shoot3.wav
21:17:11.650 [JavaFX Application Thread] DEBUG AssetLoader          - Loading from cache: /assets/textures/laser_hit.png@15.0x15.0
21:17:11.970 [JavaFX Application Thread] DEBUG AssetLoader          - Loading from cache: /assets/textures/laser2.png
21:17:11.971 [JavaFX Application Thread] DEBUG AssetLoader          - Loading from cache: /assets/sounds/shoot1.wav
21:17:12.018 [JavaFX Application Thread] DEBUG AssetLoader          - Loading from cache: /assets/textures/laser_hit.png@15.0x15.0
21:17:12.306 [JavaFX Application Thread] DEBUG AssetLoader          - Loading from cache: /assets/textures/laser2.png
21:17:12.307 [JavaFX Application Thread] DEBUG AssetLoader          - Loading from cache: /assets/sounds/shoot2.wav
21:17:12.354 [JavaFX Application Thread] DEBUG AssetLoader          - Loading from cache: /assets/textures/explosion.png@1280.0x80.0
21:17:12.355 [JavaFX Application Thread] DEBUG AssetLoader          - Loading from cache: /assets/sounds/explosion.wav
21:17:12.355 [JavaFX Application Thread] DEBUG EventBus             - Firing event: com.almasb.fxglgames.spaceinvaders.event.GameEvent[source=javafx.event.Event$$Lambda$81/2132376922@46a72e74]
21:17:12.642 [JavaFX Application Thread] DEBUG AssetLoader          - Loading from cache: /assets/textures/laser2.png
21:17:12.643 [JavaFX Application Thread] DEBUG AssetLoader          - Loading from cache: /assets/sounds/shoot3.wav
21:17:12.866 [JavaFX Application Thread] DEBUG AssetLoader          - Loading from disk: /assets/textures/background/meteor3.png
21:17:12.979 [JavaFX Application Thread] DEBUG AssetLoader          - Loading from cache: /assets/textures/laser2.png
21:17:12.980 [JavaFX Application Thread] DEBUG AssetLoader          - Loading from cache: /assets/sounds/shoot3.wav
21:17:13.298 [JavaFX Application Thread] DEBUG AssetLoader          - Loading from cache: /assets/textures/laser2.png
21:17:13.299 [JavaFX Application Thread] DEBUG AssetLoader          - Loading from cache: /assets/sounds/shoot1.wav
21:17:13.364 [JavaFX Application Thread] DEBUG AssetLoader          - Loading from cache: /assets/textures/explosion.png@1280.0x80.0
21:17:13.365 [JavaFX Application Thread] DEBUG AssetLoader          - Loading from cache: /assets/sounds/explosion.wav
21:17:13.365 [JavaFX Application Thread] DEBUG EventBus             - Firing event: com.almasb.fxglgames.spaceinvaders.event.GameEvent[source=javafx.event.Event$$Lambda$81/2132376922@46a72e74]
21:17:13.618 [JavaFX Application Thread] DEBUG AssetLoader          - Loading from cache: /assets/textures/tank_bullet.png
21:17:13.619 [JavaFX Application Thread] DEBUG AssetLoader          - Loading from cache: /assets/sounds/shoot1.wav
21:17:13.634 [JavaFX Application Thread] DEBUG AssetLoader          - Loading from cache: /assets/textures/laser2.png
21:17:13.635 [JavaFX Application Thread] DEBUG AssetLoader          - Loading from cache: /assets/sounds/shoot3.wav
21:17:13.890 [JavaFX Application Thread] DEBUG AssetLoader          - Loading from cache: /assets/textures/tank_bullet.png
21:17:13.891 [JavaFX Application Thread] DEBUG AssetLoader          - Loading from cache: /assets/sounds/shoot2.wav
21:17:14.002 [JavaFX Application Thread] DEBUG AssetLoader          - Loading from cache: /assets/textures/laser2.png
21:17:14.003 [JavaFX Application Thread] DEBUG AssetLoader          - Loading from cache: /assets/sounds/shoot4.wav
21:17:14.164 [JavaFX Application Thread] DEBUG AssetLoader          - Loading from cache: /assets/textures/tank_bullet.png
21:17:14.165 [JavaFX Application Thread] DEBUG AssetLoader          - Loading from cache: /assets/sounds/shoot1.wav
21:17:14.181 [JavaFX Application Thread] DEBUG AssetLoader          - Loading from cache: /assets/textures/tank_bullet.png
21:17:14.182 [JavaFX Application Thread] DEBUG AssetLoader          - Loading from cache: /assets/sounds/shoot3.wav
21:17:14.338 [JavaFX Application Thread] DEBUG AssetLoader          - Loading from cache: /assets/textures/laser2.png
21:17:14.339 [JavaFX Application Thread] DEBUG AssetLoader          - Loading from cache: /assets/sounds/shoot1.wav
21:17:14.674 [JavaFX Application Thread] DEBUG AssetLoader          - Loading from cache: /assets/textures/laser2.png
21:17:14.675 [JavaFX Application Thread] DEBUG AssetLoader          - Loading from cache: /assets/sounds/shoot4.wav
21:17:15.010 [JavaFX Application Thread] DEBUG AssetLoader          - Loading from cache: /assets/textures/laser2.png
21:17:15.011 [JavaFX Application Thread] DEBUG AssetLoader          - Loading from cache: /assets/sounds/shoot3.wav
21:17:15.170 [JavaFX Application Thread] DEBUG AssetLoader          - Loading from cache: /assets/textures/tank_bullet.png
21:17:15.171 [JavaFX Application Thread] DEBUG AssetLoader          - Loading from cache: /assets/sounds/shoot3.wav
21:17:15.235 [JavaFX Application Thread] DEBUG AssetLoader          - Loading from cache: /assets/textures/tank_bullet.png
21:17:15.236 [JavaFX Application Thread] DEBUG AssetLoader          - Loading from cache: /assets/sounds/shoot4.wav
21:17:15.282 [JavaFX Application Thread] DEBUG AssetLoader          - Loading from cache: /assets/textures/tank_bullet.png
21:17:15.283 [JavaFX Application Thread] DEBUG AssetLoader          - Loading from cache: /assets/sounds/shoot1.wav
21:17:15.348 [JavaFX Application Thread] DEBUG AssetLoader          - Loading from cache: /assets/textures/laser2.png
21:17:15.348 [JavaFX Application Thread] DEBUG AssetLoader          - Loading from cache: /assets/sounds/shoot3.wav
21:17:15.666 [JavaFX Application Thread] DEBUG AssetLoader          - Loading from cache: /assets/textures/laser2.png
21:17:15.667 [JavaFX Application Thread] DEBUG AssetLoader          - Loading from cache: /assets/sounds/shoot4.wav
21:17:15.810 [JavaFX Application Thread] DEBUG EventBus             - Firing event: com.almasb.fxglgames.spaceinvaders.event.GameEvent[source=javafx.event.Event$$Lambda$81/2132376922@46a72e74]
21:17:15.815 [JavaFX Application Thread] DEBUG AssetLoader          - Loading from disk: /assets/sounds/lose_life.wav
21:17:15.875 [JavaFX Application Thread] DEBUG AssetLoader          - Loading from cache: /assets/textures/tank_bullet.png
21:17:15.875 [JavaFX Application Thread] DEBUG AssetLoader          - Loading from cache: /assets/sounds/shoot1.wav
21:17:15.906 [JavaFX Application Thread] DEBUG AssetLoader          - Loading from cache: /assets/textures/background/meteor4.png
21:17:16.003 [JavaFX Application Thread] DEBUG AssetLoader          - Loading from cache: /assets/textures/laser2.png
21:17:16.003 [JavaFX Application Thread] DEBUG AssetLoader          - Loading from cache: /assets/sounds/shoot1.wav
21:17:16.050 [JavaFX Application Thread] DEBUG AssetLoader          - Loading from cache: /assets/textures/laser_hit.png@15.0x15.0
21:17:16.338 [JavaFX Application Thread] DEBUG AssetLoader          - Loading from cache: /assets/textures/laser2.png
21:17:16.339 [JavaFX Application Thread] DEBUG AssetLoader          - Loading from cache: /assets/sounds/shoot3.wav
21:17:16.389 [JavaFX Application Thread] DEBUG AssetLoader          - Loading from cache: /assets/textures/explosion.png@1280.0x80.0
21:17:16.390 [JavaFX Application Thread] DEBUG AssetLoader          - Loading from cache: /assets/sounds/explosion.wav
21:17:16.390 [JavaFX Application Thread] DEBUG EventBus             - Firing event: com.almasb.fxglgames.spaceinvaders.event.GameEvent[source=javafx.event.Event$$Lambda$81/2132376922@46a72e74]
21:17:16.391 [JavaFX Application Thread] DEBUG AssetLoader          - Loading from disk: /assets/textures/rbomb.png
21:17:16.674 [JavaFX Application Thread] DEBUG AssetLoader          - Loading from cache: /assets/textures/laser2.png
21:17:16.675 [JavaFX Application Thread] DEBUG AssetLoader          - Loading from cache: /assets/sounds/shoot3.wav
21:17:16.754 [JavaFX Application Thread] DEBUG AssetLoader          - Loading from cache: /assets/textures/tank_bullet.png
21:17:16.755 [JavaFX Application Thread] DEBUG AssetLoader          - Loading from cache: /assets/sounds/shoot4.wav
21:17:17.010 [JavaFX Application Thread] DEBUG AssetLoader          - Loading from cache: /assets/textures/laser2.png
21:17:17.011 [JavaFX Application Thread] DEBUG AssetLoader          - Loading from cache: /assets/sounds/shoot3.wav
21:17:17.106 [JavaFX Application Thread] DEBUG AssetLoader          - Loading from cache: /assets/textures/tank_bullet.png
21:17:17.107 [JavaFX Application Thread] DEBUG AssetLoader          - Loading from cache: /assets/sounds/shoot1.wav
21:17:17.346 [JavaFX Application Thread] DEBUG AssetLoader          - Loading from cache: /assets/textures/laser2.png
21:17:17.346 [JavaFX Application Thread] DEBUG AssetLoader          - Loading from cache: /assets/sounds/shoot1.wav
21:17:17.394 [JavaFX Application Thread] DEBUG AssetLoader          - Loading from cache: /assets/textures/laser_hit.png@15.0x15.0
21:17:17.684 [JavaFX Application Thread] DEBUG AssetLoader          - Loading from cache: /assets/textures/laser2.png
21:17:17.684 [JavaFX Application Thread] DEBUG AssetLoader          - Loading from cache: /assets/sounds/shoot4.wav
21:17:17.730 [JavaFX Application Thread] DEBUG AssetLoader          - Loading from cache: /assets/textures/explosion.png@1280.0x80.0
21:17:17.731 [JavaFX Application Thread] DEBUG AssetLoader          - Loading from cache: /assets/sounds/explosion.wav
21:17:17.732 [JavaFX Application Thread] DEBUG EventBus             - Firing event: com.almasb.fxglgames.spaceinvaders.event.GameEvent[source=javafx.event.Event$$Lambda$81/2132376922@46a72e74]
21:17:17.733 [JavaFX Application Thread] DEBUG AssetLoader          - Loading from disk: /assets/textures/bomb.png
21:17:18.002 [JavaFX Application Thread] DEBUG AssetLoader          - Loading from cache: /assets/textures/laser2.png
21:17:18.003 [JavaFX Application Thread] DEBUG AssetLoader          - Loading from cache: /assets/sounds/shoot2.wav
21:17:18.084 [JavaFX Application Thread] DEBUG AssetLoader          - Loading from cache: /assets/textures/tank_bullet.png
21:17:18.084 [JavaFX Application Thread] DEBUG AssetLoader          - Loading from cache: /assets/sounds/shoot2.wav
21:17:18.338 [JavaFX Application Thread] DEBUG AssetLoader          - Loading from cache: /assets/textures/laser2.png
21:17:18.339 [JavaFX Application Thread] DEBUG AssetLoader          - Loading from cache: /assets/sounds/shoot2.wav
21:17:18.689 [JavaFX Application Thread] DEBUG AssetLoader          - Loading from cache: /assets/textures/laser2.png
21:17:18.689 [JavaFX Application Thread] DEBUG AssetLoader          - Loading from cache: /assets/sounds/shoot3.wav
21:17:18.929 [JavaFX Application Thread] DEBUG AssetLoader          - Loading from cache: /assets/textures/background/meteor4.png
21:17:19.025 [JavaFX Application Thread] DEBUG AssetLoader          - Loading from cache: /assets/textures/laser2.png
21:17:19.025 [JavaFX Application Thread] DEBUG AssetLoader          - Loading from cache: /assets/sounds/shoot2.wav
21:17:19.073 [JavaFX Application Thread] DEBUG AssetLoader          - Loading from cache: /assets/textures/explosion.png@1280.0x80.0
21:17:19.074 [JavaFX Application Thread] DEBUG AssetLoader          - Loading from cache: /assets/sounds/explosion.wav
21:17:19.075 [JavaFX Application Thread] DEBUG EventBus             - Firing event: com.almasb.fxglgames.spaceinvaders.event.GameEvent[source=javafx.event.Event$$Lambda$81/2132376922@46a72e74]
21:17:19.153 [JavaFX Application Thread] DEBUG AssetLoader          - Loading from cache: /assets/textures/tank_bullet.png
21:17:19.154 [JavaFX Application Thread] DEBUG AssetLoader          - Loading from cache: /assets/sounds/shoot1.wav
21:17:19.361 [JavaFX Application Thread] DEBUG AssetLoader          - Loading from cache: /assets/textures/laser2.png
21:17:19.362 [JavaFX Application Thread] DEBUG AssetLoader          - Loading from cache: /assets/sounds/shoot3.wav
21:17:19.569 [JavaFX Application Thread] DEBUG AssetLoader          - Loading from disk: /assets/textures/wall2.png
21:17:19.573 [JavaFX Application Thread] DEBUG AssetLoader          - Loading from disk: /assets/sounds/brick_hit.wav
21:17:19.602 [JavaFX Application Thread] DEBUG AssetLoader          - Loading from cache: /assets/textures/tank_bullet.png
21:17:19.603 [JavaFX Application Thread] DEBUG AssetLoader          - Loading from cache: /assets/sounds/shoot4.wav
21:17:19.697 [JavaFX Application Thread] DEBUG AssetLoader          - Loading from cache: /assets/textures/laser2.png
21:17:19.697 [JavaFX Application Thread] DEBUG AssetLoader          - Loading from cache: /assets/sounds/shoot4.wav
21:17:20.035 [JavaFX Application Thread] DEBUG AssetLoader          - Loading from cache: /assets/textures/laser2.png
21:17:20.036 [JavaFX Application Thread] DEBUG AssetLoader          - Loading from cache: /assets/sounds/shoot3.wav
21:17:20.289 [JavaFX Application Thread] DEBUG AssetLoader          - Loading from cache: /assets/textures/tank_bullet.png
21:17:20.290 [JavaFX Application Thread] DEBUG AssetLoader          - Loading from cache: /assets/sounds/shoot2.wav
21:17:20.386 [JavaFX Application Thread] DEBUG AssetLoader          - Loading from cache: /assets/textures/laser2.png
21:17:20.386 [JavaFX Application Thread] DEBUG AssetLoader          - Loading from cache: /assets/sounds/shoot1.wav
21:17:20.419 [JavaFX Application Thread] DEBUG AssetLoader          - Loading from cache: /assets/textures/explosion.png@1280.0x80.0
21:17:20.420 [JavaFX Application Thread] DEBUG AssetLoader          - Loading from cache: /assets/sounds/explosion.wav
21:17:20.420 [JavaFX Application Thread] DEBUG EventBus             - Firing event: com.almasb.fxglgames.spaceinvaders.event.GameEvent[source=javafx.event.Event$$Lambda$81/2132376922@46a72e74]
21:17:20.421 [JavaFX Application Thread] DEBUG AssetLoader          - Loading from disk: /assets/textures/powerup_atk_rate.png
21:17:20.721 [JavaFX Application Thread] DEBUG AssetLoader          - Loading from cache: /assets/textures/laser2.png
21:17:20.722 [JavaFX Application Thread] DEBUG AssetLoader          - Loading from cache: /assets/sounds/shoot1.wav
21:17:21.074 [JavaFX Application Thread] DEBUG AssetLoader          - Loading from cache: /assets/textures/laser2.png
21:17:21.075 [JavaFX Application Thread] DEBUG AssetLoader          - Loading from cache: /assets/sounds/shoot1.wav
21:17:21.426 [JavaFX Application Thread] DEBUG AssetLoader          - Loading from cache: /assets/textures/laser2.png
21:17:21.426 [JavaFX Application Thread] DEBUG AssetLoader          - Loading from cache: /assets/sounds/shoot4.wav
21:17:21.458 [JavaFX Application Thread] DEBUG AssetLoader          - Loading from cache: /assets/textures/laser_hit.png@15.0x15.0
21:17:21.778 [JavaFX Application Thread] DEBUG AssetLoader          - Loading from cache: /assets/textures/laser2.png
21:17:21.778 [JavaFX Application Thread] DEBUG AssetLoader          - Loading from cache: /assets/sounds/shoot3.wav
21:17:21.810 [JavaFX Application Thread] DEBUG AssetLoader          - Loading from cache: /assets/textures/explosion.png@1280.0x80.0
21:17:21.811 [JavaFX Application Thread] DEBUG AssetLoader          - Loading from cache: /assets/sounds/explosion.wav
21:17:21.811 [JavaFX Application Thread] DEBUG EventBus             - Firing event: com.almasb.fxglgames.spaceinvaders.event.GameEvent[source=javafx.event.Event$$Lambda$81/2132376922@46a72e74]
21:17:21.954 [JavaFX Application Thread] DEBUG AssetLoader          - Loading from cache: /assets/textures/background/meteor3.png
21:17:22.130 [JavaFX Application Thread] DEBUG AssetLoader          - Loading from cache: /assets/textures/laser2.png
21:17:22.131 [JavaFX Application Thread] DEBUG AssetLoader          - Loading from cache: /assets/sounds/shoot3.wav
21:17:22.482 [JavaFX Application Thread] DEBUG AssetLoader          - Loading from cache: /assets/textures/laser2.png
21:17:22.483 [JavaFX Application Thread] DEBUG AssetLoader          - Loading from cache: /assets/sounds/shoot3.wav
21:17:22.834 [JavaFX Application Thread] DEBUG AssetLoader          - Loading from cache: /assets/textures/laser2.png
21:17:22.835 [JavaFX Application Thread] DEBUG AssetLoader          - Loading from cache: /assets/sounds/shoot4.wav
21:17:22.835 [JavaFX Application Thread] DEBUG AssetLoader          - Loading from cache: /assets/textures/tank_bullet.png
21:17:22.836 [JavaFX Application Thread] DEBUG AssetLoader          - Loading from cache: /assets/sounds/shoot4.wav
21:17:22.866 [JavaFX Application Thread] DEBUG AssetLoader          - Loading from cache: /assets/textures/laser_hit.png@15.0x15.0
21:17:23.186 [JavaFX Application Thread] DEBUG AssetLoader          - Loading from cache: /assets/textures/laser2.png
21:17:23.186 [JavaFX Application Thread] DEBUG AssetLoader          - Loading from cache: /assets/sounds/shoot2.wav
21:17:23.218 [JavaFX Application Thread] DEBUG AssetLoader          - Loading from cache: /assets/textures/explosion.png@1280.0x80.0
21:17:23.219 [JavaFX Application Thread] DEBUG AssetLoader          - Loading from cache: /assets/sounds/explosion.wav
21:17:23.219 [JavaFX Application Thread] DEBUG EventBus             - Firing event: com.almasb.fxglgames.spaceinvaders.event.GameEvent[source=javafx.event.Event$$Lambda$81/2132376922@46a72e74]
21:17:23.540 [JavaFX Application Thread] DEBUG AssetLoader          - Loading from cache: /assets/textures/laser2.png
21:17:23.540 [JavaFX Application Thread] DEBUG AssetLoader          - Loading from cache: /assets/sounds/shoot4.wav
21:17:23.874 [JavaFX Application Thread] DEBUG AssetLoader          - Loading from cache: /assets/textures/laser2.png
21:17:23.875 [JavaFX Application Thread] DEBUG AssetLoader          - Loading from cache: /assets/sounds/shoot3.wav
21:17:24.114 [JavaFX Application Thread] DEBUG AssetLoader          - Loading from cache: /assets/textures/tank_bullet.png
21:17:24.114 [JavaFX Application Thread] DEBUG AssetLoader          - Loading from cache: /assets/sounds/shoot2.wav
21:17:24.242 [JavaFX Application Thread] DEBUG AssetLoader          - Loading from cache: /assets/textures/laser2.png
21:17:24.243 [JavaFX Application Thread] DEBUG AssetLoader          - Loading from cache: /assets/sounds/shoot1.wav
21:17:24.274 [JavaFX Application Thread] DEBUG AssetLoader          - Loading from cache: /assets/textures/laser_hit.png@15.0x15.0
21:17:24.546 [JavaFX Application Thread] DEBUG AssetLoader          - Loading from cache: /assets/textures/wall2.png@77.0x34.0
21:17:24.546 [JavaFX Application Thread] DEBUG AssetLoader          - Loading from cache: /assets/sounds/brick_hit.wav
21:17:24.594 [JavaFX Application Thread] DEBUG AssetLoader          - Loading from cache: /assets/textures/laser2.png
21:17:24.594 [JavaFX Application Thread] DEBUG AssetLoader          - Loading from cache: /assets/sounds/shoot4.wav
21:17:24.629 [JavaFX Application Thread] DEBUG AssetLoader          - Loading from cache: /assets/textures/explosion.png@1280.0x80.0
21:17:24.629 [JavaFX Application Thread] DEBUG AssetLoader          - Loading from cache: /assets/sounds/explosion.wav
21:17:24.629 [JavaFX Application Thread] DEBUG EventBus             - Firing event: com.almasb.fxglgames.spaceinvaders.event.GameEvent[source=javafx.event.Event$$Lambda$81/2132376922@46a72e74]
21:17:24.946 [JavaFX Application Thread] DEBUG AssetLoader          - Loading from cache: /assets/textures/laser2.png
21:17:24.947 [JavaFX Application Thread] DEBUG AssetLoader          - Loading from cache: /assets/sounds/shoot1.wav
21:17:24.978 [JavaFX Application Thread] DEBUG AssetLoader          - Loading from disk: /assets/textures/background/meteor1.png
21:17:24.980 [JavaFX Application Thread] DEBUG AssetLoader          - Loading from cache: /assets/textures/laser_hit.png@15.0x15.0
21:17:25.298 [JavaFX Application Thread] DEBUG AssetLoader          - Loading from cache: /assets/textures/laser2.png
21:17:25.298 [JavaFX Application Thread] DEBUG AssetLoader          - Loading from cache: /assets/sounds/shoot4.wav
21:17:25.330 [JavaFX Application Thread] DEBUG AssetLoader          - Loading from cache: /assets/textures/explosion.png@1280.0x80.0
21:17:25.331 [JavaFX Application Thread] DEBUG AssetLoader          - Loading from cache: /assets/sounds/explosion.wav
21:17:25.331 [JavaFX Application Thread] DEBUG EventBus             - Firing event: com.almasb.fxglgames.spaceinvaders.event.GameEvent[source=javafx.event.Event$$Lambda$81/2132376922@46a72e74]
21:17:25.635 [JavaFX Application Thread] DEBUG AssetLoader          - Loading from cache: /assets/textures/tank_bullet.png
21:17:25.635 [JavaFX Application Thread] DEBUG AssetLoader          - Loading from cache: /assets/sounds/shoot3.wav
21:17:25.650 [JavaFX Application Thread] DEBUG AssetLoader          - Loading from cache: /assets/textures/laser2.png
21:17:25.650 [JavaFX Application Thread] DEBUG AssetLoader          - Loading from cache: /assets/sounds/shoot3.wav
21:17:26.002 [JavaFX Application Thread] DEBUG AssetLoader          - Loading from cache: /assets/textures/laser2.png
21:17:26.003 [JavaFX Application Thread] DEBUG AssetLoader          - Loading from cache: /assets/sounds/shoot4.wav
21:17:26.354 [JavaFX Application Thread] DEBUG AssetLoader          - Loading from cache: /assets/textures/laser2.png
21:17:26.355 [JavaFX Application Thread] DEBUG AssetLoader          - Loading from cache: /assets/sounds/shoot4.wav
21:17:26.386 [JavaFX Application Thread] DEBUG AssetLoader          - Loading from cache: /assets/textures/laser_hit.png@15.0x15.0
21:17:26.706 [JavaFX Application Thread] DEBUG AssetLoader          - Loading from cache: /assets/textures/laser2.png
21:17:26.707 [JavaFX Application Thread] DEBUG AssetLoader          - Loading from cache: /assets/sounds/shoot1.wav
21:17:26.738 [JavaFX Application Thread] DEBUG AssetLoader          - Loading from cache: /assets/textures/explosion.png@1280.0x80.0
21:17:26.739 [JavaFX Application Thread] DEBUG AssetLoader          - Loading from cache: /assets/sounds/explosion.wav
21:17:26.739 [JavaFX Application Thread] DEBUG EventBus             - Firing event: com.almasb.fxglgames.spaceinvaders.event.GameEvent[source=javafx.event.Event$$Lambda$81/2132376922@46a72e74]
21:17:27.058 [JavaFX Application Thread] DEBUG AssetLoader          - Loading from cache: /assets/textures/laser2.png
21:17:27.059 [JavaFX Application Thread] DEBUG AssetLoader          - Loading from cache: /assets/sounds/shoot1.wav
21:17:27.394 [JavaFX Application Thread] DEBUG AssetLoader          - Loading from cache: /assets/textures/laser2.png
21:17:27.394 [JavaFX Application Thread] DEBUG AssetLoader          - Loading from cache: /assets/sounds/shoot4.wav
21:17:27.746 [JavaFX Application Thread] DEBUG AssetLoader          - Loading from cache: /assets/textures/laser2.png
21:17:27.746 [JavaFX Application Thread] DEBUG AssetLoader          - Loading from cache: /assets/sounds/shoot2.wav
21:17:27.779 [JavaFX Application Thread] DEBUG AssetLoader          - Loading from cache: /assets/textures/laser_hit.png@15.0x15.0
21:17:28.002 [JavaFX Application Thread] DEBUG AssetLoader          - Loading from cache: /assets/textures/background/meteor4.png
21:17:28.098 [JavaFX Application Thread] DEBUG AssetLoader          - Loading from cache: /assets/textures/laser2.png
21:17:28.098 [JavaFX Application Thread] DEBUG AssetLoader          - Loading from cache: /assets/sounds/shoot3.wav
21:17:28.099 [JavaFX Application Thread] DEBUG AssetLoader          - Loading from cache: /assets/textures/tank_bullet.png
21:17:28.099 [JavaFX Application Thread] DEBUG AssetLoader          - Loading from cache: /assets/sounds/shoot3.wav
21:17:28.130 [JavaFX Application Thread] DEBUG AssetLoader          - Loading from cache: /assets/textures/explosion.png@1280.0x80.0
21:17:28.131 [JavaFX Application Thread] DEBUG AssetLoader          - Loading from cache: /assets/sounds/explosion.wav
21:17:28.131 [JavaFX Application Thread] DEBUG EventBus             - Firing event: com.almasb.fxglgames.spaceinvaders.event.GameEvent[source=javafx.event.Event$$Lambda$81/2132376922@46a72e74]
21:17:28.450 [JavaFX Application Thread] DEBUG AssetLoader          - Loading from cache: /assets/textures/laser2.png
21:17:28.450 [JavaFX Application Thread] DEBUG AssetLoader          - Loading from cache: /assets/sounds/shoot4.wav
21:17:28.483 [JavaFX Application Thread] DEBUG AssetLoader          - Loading from cache: /assets/textures/laser_hit.png@15.0x15.0
21:17:28.802 [JavaFX Application Thread] DEBUG AssetLoader          - Loading from cache: /assets/textures/laser2.png
21:17:28.802 [JavaFX Application Thread] DEBUG AssetLoader          - Loading from cache: /assets/sounds/shoot3.wav
21:17:28.835 [JavaFX Application Thread] DEBUG AssetLoader          - Loading from cache: /assets/textures/explosion.png@1280.0x80.0
21:17:28.835 [JavaFX Application Thread] DEBUG AssetLoader          - Loading from cache: /assets/sounds/explosion.wav
21:17:28.835 [JavaFX Application Thread] DEBUG EventBus             - Firing event: com.almasb.fxglgames.spaceinvaders.event.GameEvent[source=javafx.event.Event$$Lambda$81/2132376922@46a72e74]
21:17:28.837 [JavaFX Application Thread] DEBUG AssetLoader          - Loading from cache: /assets/sounds/level.wav
21:17:30.354 [JavaFX Application Thread] DEBUG AssetLoader          - Loading from cache: /assets/textures/wall.png@77.0x34.0
21:17:30.355 [JavaFX Application Thread] DEBUG AssetLoader          - Loading from cache: /assets/textures/wall.png@77.0x34.0
21:17:30.356 [JavaFX Application Thread] DEBUG AssetLoader          - Loading from cache: /assets/textures/wall.png@77.0x34.0
21:17:30.357 [JavaFX Application Thread] DEBUG AssetLoader          - Loading from cache: /assets/textures/wall.png@77.0x34.0
21:17:30.370 [JavaFX Application Thread] DEBUG AssetLoader          - Loading from cache: /assets/textures/enemy3.png
21:17:30.466 [JavaFX Application Thread] DEBUG AssetLoader          - Loading from cache: /assets/textures/enemy3.png
21:17:30.579 [JavaFX Application Thread] DEBUG AssetLoader          - Loading from cache: /assets/textures/enemy1.png
21:17:30.674 [JavaFX Application Thread] DEBUG AssetLoader          - Loading from cache: /assets/textures/enemy2.png
21:17:30.770 [JavaFX Application Thread] DEBUG AssetLoader          - Loading from cache: /assets/textures/enemy2.png
21:17:30.866 [JavaFX Application Thread] DEBUG AssetLoader          - Loading from cache: /assets/textures/enemy2.png
21:17:30.946 [JavaFX Application Thread] DEBUG AssetLoader          - Loading from cache: /assets/textures/enemy3.png
21:17:31.026 [JavaFX Application Thread] DEBUG AssetLoader          - Loading from cache: /assets/textures/laser2.png
21:17:31.026 [JavaFX Application Thread] DEBUG AssetLoader          - Loading from cache: /assets/sounds/shoot4.wav
21:17:31.027 [JavaFX Application Thread] DEBUG AssetLoader          - Loading from cache: /assets/textures/background/meteor3.png
21:17:31.058 [JavaFX Application Thread] DEBUG AssetLoader          - Loading from cache: /assets/textures/enemy1.png
21:17:31.154 [JavaFX Application Thread] DEBUG AssetLoader          - Loading from cache: /assets/textures/enemy2.png
21:17:31.250 [JavaFX Application Thread] DEBUG AssetLoader          - Loading from cache: /assets/textures/enemy2.png
21:17:31.362 [JavaFX Application Thread] DEBUG AssetLoader          - Loading from cache: /assets/textures/enemy3.png
21:17:31.379 [JavaFX Application Thread] DEBUG AssetLoader          - Loading from cache: /assets/textures/laser2.png
21:17:31.380 [JavaFX Application Thread] DEBUG AssetLoader          - Loading from cache: /assets/sounds/shoot2.wav
21:17:31.458 [JavaFX Application Thread] DEBUG AssetLoader          - Loading from cache: /assets/textures/enemy1.png
21:17:31.554 [JavaFX Application Thread] DEBUG AssetLoader          - Loading from cache: /assets/textures/enemy1.png
21:17:31.650 [JavaFX Application Thread] DEBUG AssetLoader          - Loading from cache: /assets/textures/enemy3.png
21:17:31.715 [JavaFX Application Thread] DEBUG AssetLoader          - Loading from cache: /assets/textures/laser2.png
21:17:31.716 [JavaFX Application Thread] DEBUG AssetLoader          - Loading from cache: /assets/sounds/shoot2.wav
21:17:31.717 [JavaFX Application Thread] DEBUG AssetLoader          - Loading from cache: /assets/textures/laser_hit.png@15.0x15.0
21:17:31.780 [JavaFX Application Thread] DEBUG AssetLoader          - Loading from cache: /assets/textures/enemy1.png
21:17:31.874 [JavaFX Application Thread] DEBUG AssetLoader          - Loading from cache: /assets/textures/enemy1.png
21:17:32.066 [JavaFX Application Thread] DEBUG AssetLoader          - Loading from cache: /assets/textures/laser2.png
21:17:32.067 [JavaFX Application Thread] DEBUG AssetLoader          - Loading from cache: /assets/sounds/shoot4.wav
21:17:32.083 [JavaFX Application Thread] DEBUG AssetLoader          - Loading from cache: /assets/textures/laser_hit.png@15.0x15.0
21:17:32.290 [JavaFX Application Thread] DEBUG AssetLoader          - Loading from cache: /assets/textures/explosion.png@1280.0x80.0
21:17:32.291 [JavaFX Application Thread] DEBUG AssetLoader          - Loading from cache: /assets/sounds/explosion.wav
21:17:32.291 [JavaFX Application Thread] DEBUG EventBus             - Firing event: com.almasb.fxglgames.spaceinvaders.event.GameEvent[source=javafx.event.Event$$Lambda$81/2132376922@46a72e74]
21:17:32.292 [JavaFX Application Thread] DEBUG AssetLoader          - Loading from cache: /assets/textures/rbomb.png
21:17:32.418 [JavaFX Application Thread] DEBUG AssetLoader          - Loading from cache: /assets/textures/laser2.png
21:17:32.419 [JavaFX Application Thread] DEBUG AssetLoader          - Loading from cache: /assets/sounds/shoot2.wav
21:17:32.482 [JavaFX Application Thread] DEBUG AssetLoader          - Loading from cache: /assets/textures/tank_bullet.png
21:17:32.483 [JavaFX Application Thread] DEBUG AssetLoader          - Loading from cache: /assets/sounds/shoot3.wav
21:17:32.674 [JavaFX Application Thread] DEBUG AssetLoader          - Loading from cache: /assets/textures/laser_hit.png@15.0x15.0
21:17:32.690 [JavaFX Application Thread] DEBUG AssetLoader          - Loading from cache: /assets/textures/tank_bullet.png
21:17:32.691 [JavaFX Application Thread] DEBUG AssetLoader          - Loading from cache: /assets/sounds/shoot4.wav
21:17:32.738 [JavaFX Application Thread] DEBUG AssetLoader          - Loading from cache: /assets/textures/laser_hit.png@15.0x15.0
21:17:32.770 [JavaFX Application Thread] DEBUG AssetLoader          - Loading from cache: /assets/textures/laser2.png
21:17:32.770 [JavaFX Application Thread] DEBUG AssetLoader          - Loading from cache: /assets/sounds/shoot3.wav
21:17:32.786 [JavaFX Application Thread] DEBUG AssetLoader          - Loading from cache: /assets/textures/tank_bullet.png
21:17:32.786 [JavaFX Application Thread] DEBUG AssetLoader          - Loading from cache: /assets/sounds/shoot4.wav
21:17:33.090 [JavaFX Application Thread] DEBUG AssetLoader          - Loading from cache: /assets/textures/laser_hit.png@15.0x15.0
21:17:33.122 [JavaFX Application Thread] DEBUG AssetLoader          - Loading from cache: /assets/textures/laser2.png
21:17:33.122 [JavaFX Application Thread] DEBUG AssetLoader          - Loading from cache: /assets/sounds/shoot2.wav
21:17:33.347 [JavaFX Application Thread] DEBUG AssetLoader          - Loading from cache: /assets/textures/tank_bullet.png
21:17:33.348 [JavaFX Application Thread] DEBUG AssetLoader          - Loading from cache: /assets/sounds/shoot3.wav
21:17:33.443 [JavaFX Application Thread] DEBUG AssetLoader          - Loading from cache: /assets/textures/laser_hit.png@15.0x15.0
21:17:33.474 [JavaFX Application Thread] DEBUG AssetLoader          - Loading from cache: /assets/textures/laser2.png
21:17:33.474 [JavaFX Application Thread] DEBUG AssetLoader          - Loading from cache: /assets/sounds/shoot3.wav
21:17:33.475 [JavaFX Application Thread] DEBUG AssetLoader          - Loading from cache: /assets/textures/tank_bullet.png
21:17:33.476 [JavaFX Application Thread] DEBUG AssetLoader          - Loading from cache: /assets/sounds/shoot3.wav
21:17:33.570 [JavaFX Application Thread] DEBUG AssetLoader          - Loading from cache: /assets/textures/tank_bullet.png
21:17:33.570 [JavaFX Application Thread] DEBUG AssetLoader          - Loading from cache: /assets/sounds/shoot4.wav
21:17:33.794 [JavaFX Application Thread] DEBUG AssetLoader          - Loading from cache: /assets/textures/laser_hit.png@15.0x15.0
21:17:33.890 [JavaFX Application Thread] DEBUG AssetLoader          - Loading from cache: /assets/textures/tank_bullet.png
21:17:33.891 [JavaFX Application Thread] DEBUG AssetLoader          - Loading from cache: /assets/sounds/shoot4.wav
21:17:34.035 [JavaFX Application Thread] DEBUG AssetLoader          - Loading from disk: /assets/textures/background/meteor2.png
21:17:34.085 [JavaFX Application Thread] DEBUG EventBus             - Firing event: com.almasb.fxglgames.spaceinvaders.event.GameEvent[source=javafx.event.Event$$Lambda$81/2132376922@46a72e74]
21:17:34.086 [JavaFX Application Thread] DEBUG AssetLoader          - Loading from cache: /assets/sounds/lose_life.wav
21:17:35.059 [JavaFX Application Thread] DEBUG AssetLoader          - Loading from cache: /assets/textures/tank_bullet.png
21:17:35.059 [JavaFX Application Thread] DEBUG AssetLoader          - Loading from cache: /assets/sounds/shoot1.wav
21:17:35.637 [JavaFX Application Thread] DEBUG EventBus             - Firing event: com.almasb.fxglgames.spaceinvaders.event.BonusPickupEvent[source=javafx.event.Event$$Lambda$81/2132376922@46a72e74]
21:17:35.638 [JavaFX Application Thread] DEBUG AssetLoader          - Loading from cache: /assets/textures/explosion.png@1280.0x80.0
21:17:35.638 [JavaFX Application Thread] DEBUG AssetLoader          - Loading from cache: /assets/sounds/explosion.wav
21:17:35.638 [JavaFX Application Thread] DEBUG EventBus             - Firing event: com.almasb.fxglgames.spaceinvaders.event.GameEvent[source=javafx.event.Event$$Lambda$81/2132376922@46a72e74]
21:17:35.638 [JavaFX Application Thread] DEBUG AssetLoader          - Loading from cache: /assets/textures/powerup_atk_rate.png
21:17:35.639 [JavaFX Application Thread] DEBUG AssetLoader          - Loading from cache: /assets/textures/explosion.png@1280.0x80.0
21:17:35.640 [JavaFX Application Thread] DEBUG AssetLoader          - Loading from cache: /assets/sounds/explosion.wav
21:17:35.640 [JavaFX Application Thread] DEBUG EventBus             - Firing event: com.almasb.fxglgames.spaceinvaders.event.GameEvent[source=javafx.event.Event$$Lambda$81/2132376922@46a72e74]
21:17:35.640 [JavaFX Application Thread] DEBUG AssetLoader          - Loading from cache: /assets/textures/powerup_atk_rate.png
21:17:35.641 [JavaFX Application Thread] DEBUG AssetLoader          - Loading from cache: /assets/textures/explosion.png@1280.0x80.0
21:17:35.641 [JavaFX Application Thread] DEBUG AssetLoader          - Loading from cache: /assets/sounds/explosion.wav
21:17:35.642 [JavaFX Application Thread] DEBUG EventBus             - Firing event: com.almasb.fxglgames.spaceinvaders.event.GameEvent[source=javafx.event.Event$$Lambda$81/2132376922@46a72e74]
21:17:35.642 [JavaFX Application Thread] DEBUG AssetLoader          - Loading from cache: /assets/textures/explosion.png@1280.0x80.0
21:17:35.643 [JavaFX Application Thread] DEBUG AssetLoader          - Loading from cache: /assets/sounds/explosion.wav
21:17:35.643 [JavaFX Application Thread] DEBUG EventBus             - Firing event: com.almasb.fxglgames.spaceinvaders.event.GameEvent[source=javafx.event.Event$$Lambda$81/2132376922@46a72e74]
21:17:35.643 [JavaFX Application Thread] DEBUG AssetLoader          - Loading from cache: /assets/textures/explosion.png@1280.0x80.0
21:17:35.644 [JavaFX Application Thread] DEBUG AssetLoader          - Loading from cache: /assets/sounds/explosion.wav
21:17:35.644 [JavaFX Application Thread] DEBUG EventBus             - Firing event: com.almasb.fxglgames.spaceinvaders.event.GameEvent[source=javafx.event.Event$$Lambda$81/2132376922@46a72e74]
21:17:35.644 [JavaFX Application Thread] DEBUG AssetLoader          - Loading from cache: /assets/textures/rbomb.png
21:17:36.305 [JavaFX Application Thread] DEBUG AssetLoader          - Loading from cache: /assets/textures/tank_bullet.png
21:17:36.306 [JavaFX Application Thread] DEBUG AssetLoader          - Loading from cache: /assets/sounds/shoot3.wav
21:17:37.073 [JavaFX Application Thread] DEBUG AssetLoader          - Loading from cache: /assets/textures/background/meteor4.png
21:17:37.841 [JavaFX Application Thread] DEBUG AssetLoader          - Loading from cache: /assets/textures/tank_bullet.png
21:17:37.841 [JavaFX Application Thread] DEBUG AssetLoader          - Loading from cache: /assets/sounds/shoot2.wav
21:17:38.689 [JavaFX Application Thread] DEBUG AssetLoader          - Loading from cache: /assets/textures/tank_bullet.png
21:17:38.689 [JavaFX Application Thread] DEBUG AssetLoader          - Loading from cache: /assets/sounds/shoot3.wav
21:17:38.914 [JavaFX Application Thread] DEBUG EventBus             - Firing event: com.almasb.fxglgames.spaceinvaders.event.BonusPickupEvent[source=javafx.event.Event$$Lambda$81/2132376922@46a72e74]
21:17:38.915 [JavaFX Application Thread] DEBUG AssetLoader          - Loading from cache: /assets/textures/explosion.png@1280.0x80.0
21:17:38.915 [JavaFX Application Thread] DEBUG AssetLoader          - Loading from cache: /assets/sounds/explosion.wav
21:17:38.915 [JavaFX Application Thread] DEBUG EventBus             - Firing event: com.almasb.fxglgames.spaceinvaders.event.GameEvent[source=javafx.event.Event$$Lambda$81/2132376922@46a72e74]
21:17:38.916 [JavaFX Application Thread] DEBUG AssetLoader          - Loading from cache: /assets/textures/explosion.png@1280.0x80.0
21:17:38.916 [JavaFX Application Thread] DEBUG AssetLoader          - Loading from cache: /assets/sounds/explosion.wav
21:17:38.916 [JavaFX Application Thread] DEBUG EventBus             - Firing event: com.almasb.fxglgames.spaceinvaders.event.GameEvent[source=javafx.event.Event$$Lambda$81/2132376922@46a72e74]
21:17:38.917 [JavaFX Application Thread] DEBUG AssetLoader          - Loading from cache: /assets/textures/explosion.png@1280.0x80.0
21:17:38.917 [JavaFX Application Thread] DEBUG AssetLoader          - Loading from cache: /assets/sounds/explosion.wav
21:17:38.917 [JavaFX Application Thread] DEBUG EventBus             - Firing event: com.almasb.fxglgames.spaceinvaders.event.GameEvent[source=javafx.event.Event$$Lambda$81/2132376922@46a72e74]
21:17:38.917 [JavaFX Application Thread] DEBUG AssetLoader          - Loading from cache: /assets/textures/explosion.png@1280.0x80.0
21:17:38.918 [JavaFX Application Thread] DEBUG AssetLoader          - Loading from cache: /assets/sounds/explosion.wav
21:17:38.918 [JavaFX Application Thread] DEBUG EventBus             - Firing event: com.almasb.fxglgames.spaceinvaders.event.GameEvent[source=javafx.event.Event$$Lambda$81/2132376922@46a72e74]
21:17:38.918 [JavaFX Application Thread] DEBUG AssetLoader          - Loading from cache: /assets/textures/explosion.png@1280.0x80.0
21:17:38.919 [JavaFX Application Thread] DEBUG AssetLoader          - Loading from cache: /assets/sounds/explosion.wav
21:17:38.919 [JavaFX Application Thread] DEBUG EventBus             - Firing event: com.almasb.fxglgames.spaceinvaders.event.GameEvent[source=javafx.event.Event$$Lambda$81/2132376922@46a72e74]
21:17:40.066 [JavaFX Application Thread] DEBUG EventBus             - Firing event: com.almasb.fxglgames.spaceinvaders.event.BonusPickupEvent[source=javafx.event.Event$$Lambda$81/2132376922@46a72e74]
21:17:40.098 [JavaFX Application Thread] DEBUG AssetLoader          - Loading from cache: /assets/textures/background/meteor1.png
21:17:40.514 [JavaFX Application Thread] DEBUG AssetLoader          - Loading from cache: /assets/textures/tank_bullet.png
21:17:40.514 [JavaFX Application Thread] DEBUG AssetLoader          - Loading from cache: /assets/sounds/shoot2.wav
21:17:40.962 [JavaFX Application Thread] DEBUG AssetLoader          - Loading from cache: /assets/textures/tank_bullet.png
21:17:40.963 [JavaFX Application Thread] DEBUG AssetLoader          - Loading from cache: /assets/sounds/shoot2.wav
21:17:41.186 [JavaFX Application Thread] DEBUG AssetLoader          - Loading from cache: /assets/textures/laser2.png
21:17:41.187 [JavaFX Application Thread] DEBUG AssetLoader          - Loading from cache: /assets/sounds/shoot1.wav
21:17:41.490 [JavaFX Application Thread] DEBUG AssetLoader          - Loading from cache: /assets/textures/laser2.png
21:17:41.490 [JavaFX Application Thread] DEBUG AssetLoader          - Loading from cache: /assets/sounds/shoot3.wav
21:17:41.714 [JavaFX Application Thread] DEBUG AssetLoader          - Loading from cache: /assets/textures/explosion.png@1280.0x80.0
21:17:41.714 [JavaFX Application Thread] DEBUG AssetLoader          - Loading from cache: /assets/sounds/explosion.wav
21:17:41.715 [JavaFX Application Thread] DEBUG EventBus             - Firing event: com.almasb.fxglgames.spaceinvaders.event.GameEvent[source=javafx.event.Event$$Lambda$81/2132376922@46a72e74]
21:17:41.715 [JavaFX Application Thread] DEBUG AssetLoader          - Loading from cache: /assets/textures/rbomb.png
21:17:41.826 [JavaFX Application Thread] DEBUG AssetLoader          - Loading from cache: /assets/textures/laser2.png
21:17:41.827 [JavaFX Application Thread] DEBUG AssetLoader          - Loading from cache: /assets/sounds/shoot1.wav
21:17:42.146 [JavaFX Application Thread] DEBUG AssetLoader          - Loading from cache: /assets/textures/laser2.png
21:17:42.147 [JavaFX Application Thread] DEBUG AssetLoader          - Loading from cache: /assets/sounds/shoot1.wav
21:17:42.466 [JavaFX Application Thread] DEBUG AssetLoader          - Loading from cache: /assets/textures/laser2.png
21:17:42.466 [JavaFX Application Thread] DEBUG AssetLoader          - Loading from cache: /assets/sounds/shoot2.wav
21:17:42.626 [JavaFX Application Thread] DEBUG AssetLoader          - Loading from cache: /assets/textures/tank_bullet.png
21:17:42.627 [JavaFX Application Thread] DEBUG AssetLoader          - Loading from cache: /assets/sounds/shoot1.wav
21:17:42.786 [JavaFX Application Thread] DEBUG AssetLoader          - Loading from cache: /assets/textures/laser2.png
21:17:42.786 [JavaFX Application Thread] DEBUG AssetLoader          - Loading from cache: /assets/sounds/shoot3.wav
21:17:43.107 [JavaFX Application Thread] DEBUG AssetLoader          - Loading from cache: /assets/textures/laser2.png
21:17:43.107 [JavaFX Application Thread] DEBUG AssetLoader          - Loading from cache: /assets/sounds/shoot4.wav
21:17:43.154 [JavaFX Application Thread] DEBUG AssetLoader          - Loading from cache: /assets/textures/background/meteor3.png
21:17:43.410 [JavaFX Application Thread] DEBUG AssetLoader          - Loading from cache: /assets/textures/laser2.png
21:17:43.411 [JavaFX Application Thread] DEBUG AssetLoader          - Loading from cache: /assets/sounds/shoot4.wav
21:17:43.682 [JavaFX Application Thread] DEBUG AssetLoader          - Loading from cache: /assets/textures/laser_hit.png@15.0x15.0
21:17:44.130 [JavaFX Application Thread] DEBUG AssetLoader          - Loading from cache: /assets/textures/tank_bullet.png
21:17:44.130 [JavaFX Application Thread] DEBUG AssetLoader          - Loading from cache: /assets/sounds/shoot3.wav
21:17:45.458 [JavaFX Application Thread] DEBUG EventBus             - Firing event: com.almasb.fxglgames.spaceinvaders.event.BonusPickupEvent[source=javafx.event.Event$$Lambda$81/2132376922@46a72e74]
21:17:45.459 [JavaFX Application Thread] DEBUG AssetLoader          - Loading from cache: /assets/textures/explosion.png@1280.0x80.0
21:17:45.459 [JavaFX Application Thread] DEBUG AssetLoader          - Loading from cache: /assets/sounds/explosion.wav
21:17:45.459 [JavaFX Application Thread] DEBUG EventBus             - Firing event: com.almasb.fxglgames.spaceinvaders.event.GameEvent[source=javafx.event.Event$$Lambda$81/2132376922@46a72e74]
21:17:46.194 [JavaFX Application Thread] DEBUG AssetLoader          - Loading from cache: /assets/textures/background/meteor3.png
21:17:46.564 [JavaFX Application Thread] DEBUG AssetLoader          - Loading from cache: /assets/textures/laser2.png
21:17:46.565 [JavaFX Application Thread] DEBUG AssetLoader          - Loading from cache: /assets/sounds/shoot3.wav
21:17:46.882 [JavaFX Application Thread] DEBUG AssetLoader          - Loading from cache: /assets/textures/laser2.png
21:17:46.882 [JavaFX Application Thread] DEBUG AssetLoader          - Loading from cache: /assets/sounds/shoot3.wav
21:17:47.202 [JavaFX Application Thread] DEBUG AssetLoader          - Loading from cache: /assets/textures/laser2.png
21:17:47.202 [JavaFX Application Thread] DEBUG AssetLoader          - Loading from cache: /assets/sounds/shoot2.wav
21:17:47.298 [JavaFX Application Thread] DEBUG AssetLoader          - Loading from cache: /assets/textures/laser_hit.png@15.0x15.0
21:17:47.522 [JavaFX Application Thread] DEBUG AssetLoader          - Loading from cache: /assets/textures/laser2.png
21:17:47.522 [JavaFX Application Thread] DEBUG AssetLoader          - Loading from cache: /assets/sounds/shoot2.wav
21:17:47.618 [JavaFX Application Thread] DEBUG AssetLoader          - Loading from cache: /assets/textures/explosion.png@1280.0x80.0
21:17:47.618 [JavaFX Application Thread] DEBUG AssetLoader          - Loading from cache: /assets/sounds/explosion.wav
21:17:47.619 [JavaFX Application Thread] DEBUG EventBus             - Firing event: com.almasb.fxglgames.spaceinvaders.event.GameEvent[source=javafx.event.Event$$Lambda$81/2132376922@46a72e74]
21:17:47.619 [JavaFX Application Thread] DEBUG AssetLoader          - Loading from cache: /assets/textures/powerup_atk_rate.png
21:17:47.843 [JavaFX Application Thread] DEBUG AssetLoader          - Loading from cache: /assets/textures/laser2.png
21:17:47.844 [JavaFX Application Thread] DEBUG AssetLoader          - Loading from cache: /assets/sounds/shoot3.wav
21:17:48.146 [JavaFX Application Thread] DEBUG AssetLoader          - Loading from cache: /assets/textures/laser2.png
21:17:48.147 [JavaFX Application Thread] DEBUG AssetLoader          - Loading from cache: /assets/sounds/shoot3.wav
21:17:48.418 [JavaFX Application Thread] DEBUG AssetLoader          - Loading from cache: /assets/textures/explosion.png@1280.0x80.0
21:17:48.418 [JavaFX Application Thread] DEBUG AssetLoader          - Loading from cache: /assets/sounds/explosion.wav
21:17:48.418 [JavaFX Application Thread] DEBUG EventBus             - Firing event: com.almasb.fxglgames.spaceinvaders.event.GameEvent[source=javafx.event.Event$$Lambda$81/2132376922@46a72e74]
21:17:48.419 [JavaFX Application Thread] DEBUG AssetLoader          - Loading from cache: /assets/textures/bomb.png
21:17:48.466 [JavaFX Application Thread] DEBUG AssetLoader          - Loading from cache: /assets/textures/laser2.png
21:17:48.466 [JavaFX Application Thread] DEBUG AssetLoader          - Loading from cache: /assets/sounds/shoot4.wav
21:17:48.786 [JavaFX Application Thread] DEBUG AssetLoader          - Loading from cache: /assets/textures/laser2.png
21:17:48.786 [JavaFX Application Thread] DEBUG AssetLoader          - Loading from cache: /assets/sounds/shoot2.wav
21:17:49.106 [JavaFX Application Thread] DEBUG AssetLoader          - Loading from cache: /assets/textures/laser2.png
21:17:49.106 [JavaFX Application Thread] DEBUG AssetLoader          - Loading from cache: /assets/sounds/shoot2.wav
21:17:49.218 [JavaFX Application Thread] DEBUG AssetLoader          - Loading from cache: /assets/textures/background/meteor2.png
21:17:49.378 [JavaFX Application Thread] DEBUG AssetLoader          - Loading from cache: /assets/textures/explosion.png@1280.0x80.0
21:17:49.379 [JavaFX Application Thread] DEBUG AssetLoader          - Loading from cache: /assets/sounds/explosion.wav
21:17:49.379 [JavaFX Application Thread] DEBUG EventBus             - Firing event: com.almasb.fxglgames.spaceinvaders.event.GameEvent[source=javafx.event.Event$$Lambda$81/2132376922@46a72e74]
21:17:49.379 [JavaFX Application Thread] DEBUG AssetLoader          - Loading from disk: /assets/textures/life.png
21:17:49.382 [JavaFX Application Thread] DEBUG AssetLoader          - Loading from cache: /assets/sounds/level.wav
21:17:50.898 [JavaFX Application Thread] DEBUG AssetLoader          - Loading from cache: /assets/textures/enemy1.png
21:17:50.902 [JavaFX Application Thread] DEBUG AssetLoader          - Loading from cache: /assets/textures/enemy3.png
21:17:50.903 [JavaFX Application Thread] DEBUG AssetLoader          - Loading from cache: /assets/textures/enemy3.png
21:17:50.903 [JavaFX Application Thread] DEBUG AssetLoader          - Loading from cache: /assets/textures/enemy2.png
21:17:50.903 [JavaFX Application Thread] DEBUG AssetLoader          - Loading from cache: /assets/textures/enemy3.png
21:17:50.904 [JavaFX Application Thread] DEBUG AssetLoader          - Loading from cache: /assets/textures/enemy2.png
21:17:50.904 [JavaFX Application Thread] DEBUG AssetLoader          - Loading from cache: /assets/textures/enemy1.png
21:17:50.904 [JavaFX Application Thread] DEBUG AssetLoader          - Loading from cache: /assets/textures/enemy1.png
21:17:50.904 [JavaFX Application Thread] DEBUG AssetLoader          - Loading from cache: /assets/textures/enemy2.png
21:17:50.905 [JavaFX Application Thread] DEBUG AssetLoader          - Loading from cache: /assets/textures/enemy2.png
21:17:50.905 [JavaFX Application Thread] DEBUG AssetLoader          - Loading from cache: /assets/textures/enemy3.png
21:17:50.905 [JavaFX Application Thread] DEBUG AssetLoader          - Loading from cache: /assets/textures/enemy3.png
21:17:50.906 [JavaFX Application Thread] DEBUG AssetLoader          - Loading from cache: /assets/textures/enemy2.png
21:17:50.906 [JavaFX Application Thread] DEBUG AssetLoader          - Loading from cache: /assets/textures/enemy2.png
21:17:50.906 [JavaFX Application Thread] DEBUG AssetLoader          - Loading from cache: /assets/textures/enemy1.png
21:17:50.907 [JavaFX Application Thread] DEBUG AssetLoader          - Loading from cache: /assets/textures/enemy2.png
21:17:50.907 [JavaFX Application Thread] DEBUG AssetLoader          - Loading from cache: /assets/textures/wall.png@77.0x34.0
21:17:50.907 [JavaFX Application Thread] DEBUG AssetLoader          - Loading from cache: /assets/textures/wall.png@77.0x34.0
21:17:50.908 [JavaFX Application Thread] DEBUG AssetLoader          - Loading from cache: /assets/textures/wall.png@77.0x34.0
21:17:50.908 [JavaFX Application Thread] DEBUG AssetLoader          - Loading from cache: /assets/textures/wall.png@77.0x34.0
21:17:51.522 [JavaFX Application Thread] DEBUG AssetLoader          - Loading from cache: /assets/textures/laser2.png
21:17:51.522 [JavaFX Application Thread] DEBUG AssetLoader          - Loading from cache: /assets/sounds/shoot4.wav
21:17:51.842 [JavaFX Application Thread] DEBUG AssetLoader          - Loading from cache: /assets/textures/laser2.png
21:17:51.842 [JavaFX Application Thread] DEBUG AssetLoader          - Loading from cache: /assets/sounds/shoot1.wav
21:17:51.906 [JavaFX Application Thread] DEBUG AssetLoader          - Loading from cache: /assets/textures/laser_hit.png@15.0x15.0
21:17:52.179 [JavaFX Application Thread] DEBUG AssetLoader          - Loading from cache: /assets/textures/laser2.png
21:17:52.179 [JavaFX Application Thread] DEBUG AssetLoader          - Loading from cache: /assets/sounds/shoot4.wav
21:17:52.242 [JavaFX Application Thread] DEBUG AssetLoader          - Loading from cache: /assets/textures/explosion.png@1280.0x80.0
21:17:52.243 [JavaFX Application Thread] DEBUG AssetLoader          - Loading from cache: /assets/sounds/explosion.wav
21:17:52.243 [JavaFX Application Thread] DEBUG EventBus             - Firing event: com.almasb.fxglgames.spaceinvaders.event.GameEvent[source=javafx.event.Event$$Lambda$81/2132376922@46a72e74]
21:17:52.275 [JavaFX Application Thread] DEBUG AssetLoader          - Loading from cache: /assets/textures/background/meteor3.png
21:17:52.482 [JavaFX Application Thread] DEBUG AssetLoader          - Loading from cache: /assets/textures/laser2.png
21:17:52.482 [JavaFX Application Thread] DEBUG AssetLoader          - Loading from cache: /assets/sounds/shoot1.wav
21:17:52.610 [JavaFX Application Thread] DEBUG AssetLoader          - Loading from cache: /assets/textures/laser_hit.png@15.0x15.0
21:17:52.802 [JavaFX Application Thread] DEBUG AssetLoader          - Loading from cache: /assets/textures/laser2.png
21:17:52.802 [JavaFX Application Thread] DEBUG AssetLoader          - Loading from cache: /assets/sounds/shoot3.wav
21:17:52.932 [JavaFX Application Thread] DEBUG AssetLoader          - Loading from cache: /assets/textures/explosion.png@1280.0x80.0
21:17:52.932 [JavaFX Application Thread] DEBUG AssetLoader          - Loading from cache: /assets/sounds/explosion.wav
21:17:52.932 [JavaFX Application Thread] DEBUG EventBus             - Firing event: com.almasb.fxglgames.spaceinvaders.event.GameEvent[source=javafx.event.Event$$Lambda$81/2132376922@46a72e74]
21:17:52.946 [JavaFX Application Thread] DEBUG AssetLoader          - Loading from cache: /assets/textures/tank_bullet.png
21:17:52.946 [JavaFX Application Thread] DEBUG AssetLoader          - Loading from cache: /assets/sounds/shoot1.wav
21:17:52.946 [JavaFX Application Thread] DEBUG AssetLoader          - Loading from cache: /assets/textures/tank_bullet.png
21:17:52.947 [JavaFX Application Thread] DEBUG AssetLoader          - Loading from cache: /assets/sounds/shoot4.wav
21:17:52.947 [JavaFX Application Thread] DEBUG AssetLoader          - Loading from cache: /assets/textures/tank_bullet.png
21:17:52.947 [JavaFX Application Thread] DEBUG AssetLoader          - Loading from cache: /assets/sounds/shoot2.wav
21:17:53.122 [JavaFX Application Thread] DEBUG AssetLoader          - Loading from cache: /assets/textures/laser2.png
21:17:53.122 [JavaFX Application Thread] DEBUG AssetLoader          - Loading from cache: /assets/sounds/shoot2.wav
21:17:53.218 [JavaFX Application Thread] DEBUG AssetLoader          - Loading from cache: /assets/textures/laser_hit.png@15.0x15.0
21:17:53.442 [JavaFX Application Thread] DEBUG AssetLoader          - Loading from cache: /assets/textures/laser2.png
21:17:53.442 [JavaFX Application Thread] DEBUG AssetLoader          - Loading from cache: /assets/sounds/shoot3.wav
21:17:53.538 [JavaFX Application Thread] DEBUG AssetLoader          - Loading from cache: /assets/textures/explosion.png@1280.0x80.0
21:17:53.538 [JavaFX Application Thread] DEBUG AssetLoader          - Loading from cache: /assets/sounds/explosion.wav
21:17:53.539 [JavaFX Application Thread] DEBUG EventBus             - Firing event: com.almasb.fxglgames.spaceinvaders.event.GameEvent[source=javafx.event.Event$$Lambda$81/2132376922@46a72e74]
21:17:53.539 [JavaFX Application Thread] DEBUG AssetLoader          - Loading from cache: /assets/textures/life.png
21:17:53.617 [JavaFX Application Thread] DEBUG AssetLoader          - Loading from cache: /assets/textures/tank_bullet.png
21:17:53.617 [JavaFX Application Thread] DEBUG AssetLoader          - Loading from cache: /assets/sounds/shoot3.wav
21:17:53.698 [JavaFX Application Thread] DEBUG EventBus             - Firing event: com.almasb.fxglgames.spaceinvaders.event.GameEvent[source=javafx.event.Event$$Lambda$81/2132376922@46a72e74]
21:17:53.699 [JavaFX Application Thread] DEBUG AssetLoader          - Loading from cache: /assets/sounds/lose_life.wav
21:17:53.704 [JavaFX Application Thread] DEBUG AppStateMachine      - Push state: DialogSubState
21:17:53.704 [JavaFX Application Thread] DEBUG Input                - Clearing active input actions
21:17:53.704 [JavaFX Application Thread] DEBUG AppStateMachine      - PlayState -> DialogSubState
21:17:55.151 [JavaFX Application Thread] DEBUG AppStateMachine      - Pop state: DialogSubState
21:17:55.151 [JavaFX Application Thread] DEBUG Input                - Clearing active input actions
21:17:55.151 [JavaFX Application Thread] DEBUG AppStateMachine      - PlayState <- DialogSubState
21:17:55.151 [JavaFX Application Thread] DEBUG GameApplication      - Exiting game application
21:17:55.152 [JavaFX Application Thread] DEBUG GameApplication      - Shutting down background threads
21:17:55.153 [JavaFX Application Thread] DEBUG GameApplication      - Exiting FXGL
21:17:55.153 [JavaFX Application Thread] DEBUG FXGL                 - Saving FXGL system data
21:17:55.154 [JavaFX Application Thread] DEBUG IOTask               - Executing task: writeDataTask(system/fxgl.bundle)
21:17:55.155 [JavaFX Application Thread] DEBUG FS                   - Writing to: system\fxgl.bundle
21:17:55.159 [JavaFX Application Thread] DEBUG IOTask               - Task succeeded: writeDataTask(system/fxgl.bundle)
21:17:55.159 [JavaFX Application Thread] DEBUG GameApplication      - Closing logger and exiting JavaFX
