20:57:17.551 [JavaFX Application Thread] DEBUG GameApplication      - Logger initialized
20:57:18.039 [JavaFX Application Thread] DEBUG GameApplication      - Starting FXGL
20:57:18.039 [JavaFX Application Thread] INFO  Version              - FXGL-0.3.9
20:57:18.040 [JavaFX Application Thread] INFO  Version              - Source code and latest versions at: https://github.com/AlmasB/FXGL
20:57:18.040 [JavaFX Application Thread] INFO  Version              -              Join the FXGL chat at: https://gitter.im/AlmasB/FXGL
20:57:18.097 [FXGL Launcher Thread     ] DEBUG FXGL                 - Loading FXGL system data
20:57:18.103 [FXGL Launcher Thread     ] DEBUG IOTask               - Executing task: readDataTask(system/fxgl.bundle)
20:57:18.114 [FXGL Launcher Thread     ] DEBUG FS                   - Reading from: system\fxgl.bundle
20:57:18.126 [FXGL Launcher Thread     ] DEBUG IOTask               - Task succeeded: readDataTask(system/fxgl.bundle)
20:57:18.127 [FXGL Launcher Thread     ] DEBUG Bundle               - Logging bundle: FXGL
20:57:18.128 [FXGL Launcher Thread     ] DEBUG Bundle               - FXGL.offline.timer.version.check=2017-12-09T23:23:28.665
20:57:18.129 [FXGL Launcher Thread     ] DEBUG GameApplication      - FXGL configuration complete
20:57:18.132 [FXGL Launcher Thread     ] INFO  GameApplication      - FXGL configuration took:  0.087 sec
20:57:18.133 [FXGL Launcher Thread     ] DEBUG GameApplication      - Logging game settings
Title: Space Invaders
Version: 0.9.7
Width: 650
Height: 800
Fullscreen: false
Intro: false
Menus: false
Profiling: false
App Mode: DEVELOPER
Menu Key: ESCAPE
Scene Factory: class com.almasb.fxgl.scene.SceneFactory
Dialog Factory: class com.almasb.fxgl.service.impl.display.FXGLDialogFactory
UI Factory: class com.almasb.fxgl.service.impl.ui.FXGLUIFactory
Notification Service: class com.almasb.fxgl.service.impl.notification.FXGLNotificationService
Exception Handler: class com.almasb.fxgl.app.FXGLExceptionHandler
20:57:18.163 [FXGL Launcher Thread     ] DEBUG GameApplication      - Configuring GameApplication
20:57:18.169 [FXGL Launcher Thread     ] DEBUG AppStateMachine      - Initializing application states
20:57:18.185 [FXGL Launcher Thread     ] DEBUG AssetLoader          - Asset cacheSize=35
20:57:18.185 [FXGL Launcher Thread     ] DEBUG AssetLoader          - Loading from disk: /assets/ui/cursors/fxgl_default.png
20:57:18.224 [FXGL Launcher Thread     ] DEBUG AssetLoader          - Loading from disk: /assets/ui/cursors/fxgl_default.png
20:57:18.238 [FXGL Launcher Thread     ] DEBUG AssetLoader          - Loading from disk: /assets/sounds/core/notification.wav
20:57:18.276 [FXGL Launcher Thread     ] DEBUG AssetLoader          - Loading from disk: /assets/sounds/menu/select.wav
20:57:18.280 [FXGL Launcher Thread     ] DEBUG AssetLoader          - Loading from disk: /assets/sounds/menu/back.wav
20:57:18.294 [FXGL Launcher Thread     ] DEBUG AssetLoader          - Loading from disk: /assets/sounds/menu/press.wav
20:57:18.299 [FXGL Launcher Thread     ] DEBUG AssetLoader          - Loading from disk: /assets/ui/fonts/kenvector_future_thin.ttf
20:57:18.466 [FXGL Launcher Thread     ] DEBUG AssetLoader          - Loading from disk: /assets/ui/fonts/lucida_console.ttf
20:57:18.471 [FXGL Launcher Thread     ] DEBUG AssetLoader          - Loading from disk: /assets/ui/css/fxgl_dark.css
20:57:18.472 [FXGL Launcher Thread     ] DEBUG AssetLoader          - Loading from disk: /assets/ui/icons/fxgl_icon.png
20:57:18.510 [FXGL Launcher Thread     ] DEBUG AssetLoader          - Loading from disk: /assets/ui/cursors/fxgl_default.png
20:57:18.541 [FXGL Launcher Thread     ] DEBUG FXGL.GameScene       - Game scene initialized: 650x800
20:57:18.551 [FXGL Launcher Thread     ] DEBUG FXGL.GameWorld       - Game world initialized
20:57:18.640 [FXGL Launcher Thread     ] DEBUG FXGL.PhysicsWorld    - Physics world initialized: appHeight=800, physics.ppm=50.0
20:57:18.673 [FXGL Launcher Thread     ] DEBUG Input                - Registered new binding: Pause - Esc
20:57:18.714 [FXGL Launcher Thread     ] INFO  GameApplication      - Game configuration took:  0.550 sec
20:57:18.717 [JavaFX Application Thread] DEBUG MainWindow           - App size > screen size
20:57:18.718 [JavaFX Application Thread] DEBUG MainWindow           - Target size: 650.0 x 800.0 @ 1.0
20:57:18.718 [JavaFX Application Thread] DEBUG MainWindow           - New size:    591.0 x 727.3846153846154 @ 0.9092307692307692
20:57:18.719 [JavaFX Application Thread] DEBUG MainWindow           - Opening main window
20:57:18.819 [JavaFX Application Thread] DEBUG MainWindow           - Root size:  650.0x760.0
20:57:18.819 [JavaFX Application Thread] DEBUG MainWindow           - Scene size: 650.0x760.0
20:57:18.819 [JavaFX Application Thread] DEBUG MainWindow           - Stage size: 656.0x788.0
20:57:18.820 [JavaFX Application Thread] DEBUG GameApplication      - Running preInit()
20:57:18.828 [JavaFX Application Thread] DEBUG AchievementManager   - Registered new achievement "Hitman"
20:57:18.828 [JavaFX Application Thread] DEBUG AchievementManager   - Registered new achievement "Master Scorer"
20:57:18.829 [JavaFX Application Thread] DEBUG Input                - Registered new binding: Screenshot - P
20:57:18.830 [JavaFX Application Thread] DEBUG Input                - Registered new binding: Dev Options - CTRL+0
20:57:18.831 [JavaFX Application Thread] DEBUG Input                - Registered new binding: Next Level - L
20:57:18.833 [JavaFX Application Thread] DEBUG Input                - Registered new binding: Move Left - A
20:57:18.834 [JavaFX Application Thread] DEBUG Input                - Registered new binding: Laser Beam - SECONDARY
20:57:18.834 [JavaFX Application Thread] DEBUG Input                - Registered new binding: Shoot - PRIMARY
20:57:18.835 [JavaFX Application Thread] DEBUG Input                - Registered new binding: Move Right - D
20:57:18.840 [JavaFX Application Thread] DEBUG AssetLoader          - Loading from disk: /assets/music/bgm.mp3
20:57:18.914 [JavaFX Application Thread] DEBUG AudioPlayer          - Playing music Music [balance=0.0, volume=1.0, rate=1.0, cycleCount=2147483647]
20:57:18.973 [JavaFX Application Thread] DEBUG GameApplication      - Starting main loop
20:57:18.980 [JavaFX Application Thread] DEBUG StartupState         - STARTUP
20:57:18.980 [JavaFX Application Thread] DEBUG GameApplication      - Starting new game
20:57:18.981 [JavaFX Application Thread] DEBUG Input                - Clearing active input actions
20:57:18.981 [JavaFX Application Thread] DEBUG AppStateMachine      - StartupState -> LoadingState
20:57:19.317 [JavaFX Application Thread] DEBUG AnnotationParser     - @AddCollisionHandler: [BonusPlayerHandler, BulletBossHandler, BulletEnemyHandler, BulletPlayerHandler, BulletWallHandler, LaserBeamEnemyHandler]
20:57:19.317 [JavaFX Application Thread] DEBUG AnnotationParser     - @SetEntityFactory: [SpaceInvadersFactory]
20:57:19.326 [FXGL Background Thread 1 ] DEBUG InitAppTask          - Clearing previous game
20:57:19.326 [FXGL Background Thread 1 ] DEBUG FXGL.GameWorld       - Clearing game world
20:57:19.326 [FXGL Background Thread 1 ] DEBUG FXGL.PhysicsWorld    - Clearing physics world
20:57:19.326 [FXGL Background Thread 1 ] DEBUG FXGL.GameScene       - Clearing game scene
20:57:19.327 [FXGL Background Thread 1 ] DEBUG InitAppTask          - Initializing Assets
20:57:19.328 [FXGL Background Thread 1 ] DEBUG InitAppTask          - Initializing Game
20:57:19.360 [FXGL Background Thread 1 ] DEBUG IOTask               - Executing task: readDataTask(./hiscore.dat)
20:57:19.361 [FXGL Background Thread 1 ] DEBUG FS                   - Reading from: .\hiscore.dat
20:57:19.363 [FXGL Background Thread 1 ] DEBUG IOTask               - Task succeeded: readDataTask(./hiscore.dat)
20:57:19.401 [FXGL Background Thread 1 ] DEBUG AssetLoader          - Loading from disk: /assets/textures/background/background.png
20:57:19.606 [FXGL Background Thread 1 ] DEBUG FXGL.GameScene       - Creating render group for layer: BACKGROUND(1000)
20:57:19.628 [FXGL Background Thread 1 ] DEBUG AssetLoader          - Loading from disk: /assets/textures/player2.png
20:57:19.635 [FXGL Background Thread 1 ] DEBUG FXGL.GameScene       - Creating render group for layer: TOP(2147483647)
20:57:19.636 [FXGL Background Thread 1 ] DEBUG InitAppTask          - Initializing Physics
20:57:19.637 [FXGL Background Thread 1 ] DEBUG InitAppTask          - Initializing UI
20:57:19.639 [FXGL Background Thread 1 ] DEBUG AssetLoader          - Loading from disk: /assets/ui/main.fxml
20:57:19.731 [FXGL Background Thread 1 ] DEBUG AssetLoader          - Loading from disk: /assets/textures/life.png
20:57:19.732 [FXGL Background Thread 1 ] DEBUG AssetLoader          - Loading from cache: /assets/textures/life.png@16.0x16.0
20:57:19.733 [FXGL Background Thread 1 ] DEBUG AssetLoader          - Loading from cache: /assets/textures/life.png@16.0x16.0
20:57:19.733 [FXGL Background Thread 1 ] DEBUG InitAppTask          - Initialization Complete
20:57:19.734 [FXGL Background Thread 1 ] INFO  InitAppTask          - Game initialization took: 0.408 sec
20:57:19.738 [JavaFX Application Thread] DEBUG Input                - Clearing active input actions
20:57:19.738 [JavaFX Application Thread] DEBUG AppStateMachine      - LoadingState -> PlayState
20:57:19.916 [JavaFX Application Thread] DEBUG AssetLoader          - Loading from disk: /assets/sounds/level.wav
20:57:21.487 [JavaFX Application Thread] DEBUG AssetLoader          - Loading from disk: /assets/textures/enemy2.png
20:57:21.500 [JavaFX Application Thread] DEBUG AssetLoader          - Loading from cache: /assets/textures/enemy2.png
20:57:21.502 [JavaFX Application Thread] DEBUG AssetLoader          - Loading from disk: /assets/textures/enemy1.png
20:57:21.504 [JavaFX Application Thread] DEBUG AssetLoader          - Loading from disk: /assets/textures/enemy3.png
20:57:21.506 [JavaFX Application Thread] DEBUG AssetLoader          - Loading from cache: /assets/textures/enemy2.png
20:57:21.509 [JavaFX Application Thread] DEBUG AssetLoader          - Loading from cache: /assets/textures/enemy2.png
20:57:21.512 [JavaFX Application Thread] DEBUG AssetLoader          - Loading from cache: /assets/textures/enemy3.png
20:57:21.515 [JavaFX Application Thread] DEBUG AssetLoader          - Loading from cache: /assets/textures/enemy1.png
20:57:21.517 [JavaFX Application Thread] DEBUG AssetLoader          - Loading from cache: /assets/textures/enemy2.png
20:57:21.518 [JavaFX Application Thread] DEBUG AssetLoader          - Loading from cache: /assets/textures/enemy3.png
20:57:21.520 [JavaFX Application Thread] DEBUG AssetLoader          - Loading from cache: /assets/textures/enemy2.png
20:57:21.522 [JavaFX Application Thread] DEBUG AssetLoader          - Loading from cache: /assets/textures/enemy3.png
20:57:21.523 [JavaFX Application Thread] DEBUG AssetLoader          - Loading from cache: /assets/textures/enemy1.png
20:57:21.525 [JavaFX Application Thread] DEBUG AssetLoader          - Loading from cache: /assets/textures/enemy3.png
20:57:21.527 [JavaFX Application Thread] DEBUG AssetLoader          - Loading from cache: /assets/textures/enemy2.png
20:57:21.529 [JavaFX Application Thread] DEBUG AssetLoader          - Loading from cache: /assets/textures/enemy2.png
20:57:21.531 [JavaFX Application Thread] DEBUG AssetLoader          - Loading from disk: /assets/textures/wall.png
20:57:21.538 [JavaFX Application Thread] DEBUG AssetLoader          - Loading from cache: /assets/textures/wall.png@77.0x34.0
20:57:21.539 [JavaFX Application Thread] DEBUG AssetLoader          - Loading from cache: /assets/textures/wall.png@77.0x34.0
20:57:21.541 [JavaFX Application Thread] DEBUG AssetLoader          - Loading from cache: /assets/textures/wall.png@77.0x34.0
20:57:21.901 [JavaFX Application Thread] DEBUG AssetLoader          - Loading from disk: /assets/textures/player2.png
20:57:21.906 [JavaFX Application Thread] DEBUG FXGL.GameScene       - Creating render group for layer: PARTICLES(5000)
20:57:22.633 [JavaFX Application Thread] DEBUG AssetLoader          - Loading from disk: /assets/textures/laser2.png
20:57:22.635 [JavaFX Application Thread] DEBUG AssetLoader          - Loading from disk: /assets/sounds/shoot3.wav
20:57:22.971 [JavaFX Application Thread] DEBUG AssetLoader          - Loading from cache: /assets/textures/laser2.png
20:57:22.972 [JavaFX Application Thread] DEBUG AssetLoader          - Loading from cache: /assets/sounds/shoot3.wav
20:57:22.973 [JavaFX Application Thread] DEBUG AssetLoader          - Loading from disk: /assets/textures/background/meteor1.png
20:57:22.975 [JavaFX Application Thread] DEBUG FXGL.GameScene       - Creating render group for layer: METEORS(1001)
20:57:23.008 [JavaFX Application Thread] DEBUG AssetLoader          - Loading from disk: /assets/textures/laser_hit.png
20:57:23.346 [JavaFX Application Thread] DEBUG AssetLoader          - Loading from disk: /assets/textures/explosion.png
20:57:23.374 [JavaFX Application Thread] DEBUG AssetLoader          - Loading from disk: /assets/sounds/explosion.wav
20:57:23.376 [JavaFX Application Thread] DEBUG EventBus             - Firing event: com.almasb.fxglgames.spaceinvaders.event.GameEvent[source=javafx.event.Event$$Lambda$81/1625663907@1fdf3f4b]
20:57:23.379 [JavaFX Application Thread] DEBUG AssetLoader          - Loading from disk: /assets/textures/life.png
20:57:23.402 [JavaFX Application Thread] DEBUG AssetLoader          - Loading from cache: /assets/textures/laser2.png
20:57:23.403 [JavaFX Application Thread] DEBUG AssetLoader          - Loading from disk: /assets/sounds/shoot2.wav
20:57:23.692 [JavaFX Application Thread] DEBUG AssetLoader          - Loading from disk: /assets/textures/tank_bullet.png
20:57:23.694 [JavaFX Application Thread] DEBUG AssetLoader          - Loading from cache: /assets/sounds/shoot3.wav
20:57:23.695 [JavaFX Application Thread] DEBUG AssetLoader          - Loading from cache: /assets/textures/tank_bullet.png
20:57:23.696 [JavaFX Application Thread] DEBUG AssetLoader          - Loading from cache: /assets/sounds/shoot2.wav
20:57:23.697 [JavaFX Application Thread] DEBUG AssetLoader          - Loading from cache: /assets/textures/tank_bullet.png
20:57:23.698 [JavaFX Application Thread] DEBUG AssetLoader          - Loading from cache: /assets/sounds/shoot3.wav
20:57:23.698 [JavaFX Application Thread] DEBUG AssetLoader          - Loading from cache: /assets/textures/tank_bullet.png
20:57:23.699 [JavaFX Application Thread] DEBUG AssetLoader          - Loading from disk: /assets/sounds/shoot1.wav
20:57:23.703 [JavaFX Application Thread] DEBUG AssetLoader          - Loading from cache: /assets/textures/tank_bullet.png
20:57:23.707 [JavaFX Application Thread] DEBUG AssetLoader          - Loading from cache: /assets/sounds/shoot1.wav
20:57:23.803 [JavaFX Application Thread] DEBUG AssetLoader          - Loading from cache: /assets/textures/tank_bullet.png
20:57:23.804 [JavaFX Application Thread] DEBUG AssetLoader          - Loading from cache: /assets/sounds/shoot3.wav
20:57:23.966 [JavaFX Application Thread] DEBUG AssetLoader          - Loading from cache: /assets/textures/laser_hit.png@15.0x15.0
20:57:24.251 [JavaFX Application Thread] DEBUG AssetLoader          - Loading from cache: /assets/textures/tank_bullet.png
20:57:24.252 [JavaFX Application Thread] DEBUG AssetLoader          - Loading from cache: /assets/sounds/shoot3.wav
20:57:24.556 [JavaFX Application Thread] DEBUG AssetLoader          - Loading from cache: /assets/textures/laser2.png
20:57:24.556 [JavaFX Application Thread] DEBUG AssetLoader          - Loading from disk: /assets/sounds/shoot4.wav
20:57:24.606 [JavaFX Application Thread] DEBUG AssetLoader          - Loading from cache: /assets/textures/tank_bullet.png
20:57:24.608 [JavaFX Application Thread] DEBUG AssetLoader          - Loading from cache: /assets/sounds/shoot4.wav
20:57:24.736 [JavaFX Application Thread] DEBUG AssetLoader          - Loading from cache: /assets/textures/tank_bullet.png
20:57:24.737 [JavaFX Application Thread] DEBUG AssetLoader          - Loading from cache: /assets/sounds/shoot2.wav
20:57:24.859 [JavaFX Application Thread] DEBUG AssetLoader          - Loading from cache: /assets/textures/laser2.png
20:57:24.860 [JavaFX Application Thread] DEBUG AssetLoader          - Loading from cache: /assets/sounds/shoot2.wav
20:57:24.876 [JavaFX Application Thread] DEBUG AssetLoader          - Loading from cache: /assets/textures/laser_hit.png@15.0x15.0
20:57:25.168 [JavaFX Application Thread] DEBUG AssetLoader          - Loading from cache: /assets/textures/laser2.png
20:57:25.169 [JavaFX Application Thread] DEBUG AssetLoader          - Loading from cache: /assets/sounds/shoot4.wav
20:57:25.183 [JavaFX Application Thread] DEBUG AssetLoader          - Loading from cache: /assets/textures/explosion.png@1280.0x80.0
20:57:25.184 [JavaFX Application Thread] DEBUG AssetLoader          - Loading from cache: /assets/sounds/explosion.wav
20:57:25.185 [JavaFX Application Thread] DEBUG EventBus             - Firing event: com.almasb.fxglgames.spaceinvaders.event.GameEvent[source=javafx.event.Event$$Lambda$81/1625663907@1fdf3f4b]
20:57:25.185 [JavaFX Application Thread] DEBUG EventBus             - Firing event: AchievementEvent[name=Master Scorer,description= Score 1000 points]
20:57:25.195 [JavaFX Application Thread] DEBUG EventBus             - Firing event: NotificationEvent[message=You got an achievement! Master Scorer]
20:57:25.197 [JavaFX Application Thread] DEBUG AssetLoader          - Loading from cache: /assets/textures/life.png
20:57:25.358 [JavaFX Application Thread] DEBUG AssetLoader          - Loading from cache: /assets/textures/tank_bullet.png
20:57:25.359 [JavaFX Application Thread] DEBUG AssetLoader          - Loading from cache: /assets/sounds/shoot2.wav
20:57:25.422 [JavaFX Application Thread] DEBUG AssetLoader          - Loading from cache: /assets/textures/tank_bullet.png
20:57:25.423 [JavaFX Application Thread] DEBUG AssetLoader          - Loading from cache: /assets/sounds/shoot4.wav
20:57:25.468 [JavaFX Application Thread] DEBUG AssetLoader          - Loading from cache: /assets/textures/tank_bullet.png
20:57:25.469 [JavaFX Application Thread] DEBUG AssetLoader          - Loading from cache: /assets/sounds/shoot4.wav
20:57:25.594 [JavaFX Application Thread] DEBUG AssetLoader          - Loading from cache: /assets/textures/laser2.png
20:57:25.595 [JavaFX Application Thread] DEBUG AssetLoader          - Loading from cache: /assets/sounds/shoot4.wav
20:57:25.644 [JavaFX Application Thread] DEBUG AssetLoader          - Loading from cache: /assets/textures/explosion.png@1280.0x80.0
20:57:25.645 [JavaFX Application Thread] DEBUG AssetLoader          - Loading from cache: /assets/sounds/explosion.wav
20:57:25.645 [JavaFX Application Thread] DEBUG EventBus             - Firing event: com.almasb.fxglgames.spaceinvaders.event.GameEvent[source=javafx.event.Event$$Lambda$81/1625663907@1fdf3f4b]
20:57:25.647 [JavaFX Application Thread] DEBUG AssetLoader          - Loading from cache: /assets/textures/life.png
20:57:25.964 [JavaFX Application Thread] DEBUG AssetLoader          - Loading from cache: /assets/textures/laser2.png
20:57:25.964 [JavaFX Application Thread] DEBUG AssetLoader          - Loading from cache: /assets/sounds/shoot1.wav
20:57:26.124 [JavaFX Application Thread] DEBUG AssetLoader          - Loading from disk: /assets/textures/background/meteor2.png
20:57:26.126 [JavaFX Application Thread] DEBUG AssetLoader          - Loading from cache: /assets/textures/tank_bullet.png
20:57:26.126 [JavaFX Application Thread] DEBUG AssetLoader          - Loading from cache: /assets/sounds/shoot1.wav
20:57:26.221 [JavaFX Application Thread] DEBUG AssetLoader          - Loading from cache: /assets/textures/tank_bullet.png
20:57:26.223 [JavaFX Application Thread] DEBUG AssetLoader          - Loading from cache: /assets/sounds/shoot1.wav
20:57:26.636 [JavaFX Application Thread] DEBUG AssetLoader          - Loading from cache: /assets/textures/tank_bullet.png
20:57:26.637 [JavaFX Application Thread] DEBUG AssetLoader          - Loading from cache: /assets/sounds/shoot4.wav
20:57:27.100 [JavaFX Application Thread] DEBUG AssetLoader          - Loading from cache: /assets/textures/tank_bullet.png
20:57:27.101 [JavaFX Application Thread] DEBUG AssetLoader          - Loading from cache: /assets/sounds/shoot4.wav
20:57:27.116 [JavaFX Application Thread] DEBUG AssetLoader          - Loading from cache: /assets/textures/laser2.png
20:57:27.117 [JavaFX Application Thread] DEBUG AssetLoader          - Loading from cache: /assets/sounds/shoot4.wav
20:57:27.387 [JavaFX Application Thread] DEBUG AssetLoader          - Loading from cache: /assets/textures/laser2.png
20:57:27.388 [JavaFX Application Thread] DEBUG AssetLoader          - Loading from cache: /assets/sounds/shoot3.wav
20:57:27.438 [JavaFX Application Thread] DEBUG AssetLoader          - Loading from cache: /assets/textures/laser_hit.png@15.0x15.0
20:57:27.676 [JavaFX Application Thread] DEBUG AssetLoader          - Loading from cache: /assets/textures/tank_bullet.png
20:57:27.677 [JavaFX Application Thread] DEBUG AssetLoader          - Loading from cache: /assets/sounds/shoot2.wav
20:57:27.728 [JavaFX Application Thread] DEBUG AssetLoader          - Loading from cache: /assets/textures/laser2.png
20:57:27.728 [JavaFX Application Thread] DEBUG AssetLoader          - Loading from cache: /assets/sounds/shoot1.wav
20:57:27.729 [JavaFX Application Thread] DEBUG AssetLoader          - Loading from cache: /assets/textures/explosion.png@1280.0x80.0
20:57:27.730 [JavaFX Application Thread] DEBUG AssetLoader          - Loading from cache: /assets/sounds/explosion.wav
20:57:27.731 [JavaFX Application Thread] DEBUG EventBus             - Firing event: com.almasb.fxglgames.spaceinvaders.event.GameEvent[source=javafx.event.Event$$Lambda$81/1625663907@1fdf3f4b]
20:57:27.732 [JavaFX Application Thread] DEBUG AssetLoader          - Loading from disk: /assets/textures/powerup_atk_rate.png
20:57:28.715 [JavaFX Application Thread] DEBUG AssetLoader          - Loading from cache: /assets/textures/laser2.png
20:57:28.717 [JavaFX Application Thread] DEBUG AssetLoader          - Loading from cache: /assets/sounds/shoot2.wav
20:57:28.907 [JavaFX Application Thread] DEBUG AssetLoader          - Loading from cache: /assets/textures/background/meteor1.png
20:57:29.099 [JavaFX Application Thread] DEBUG AssetLoader          - Loading from cache: /assets/textures/laser2.png
20:57:29.100 [JavaFX Application Thread] DEBUG AssetLoader          - Loading from cache: /assets/sounds/shoot4.wav
20:57:29.101 [JavaFX Application Thread] DEBUG AssetLoader          - Loading from cache: /assets/textures/laser_hit.png@15.0x15.0
20:57:29.243 [JavaFX Application Thread] DEBUG AssetLoader          - Loading from cache: /assets/textures/tank_bullet.png
20:57:29.244 [JavaFX Application Thread] DEBUG AssetLoader          - Loading from cache: /assets/sounds/shoot4.wav
20:57:29.484 [JavaFX Application Thread] DEBUG AssetLoader          - Loading from cache: /assets/textures/explosion.png@1280.0x80.0
20:57:29.484 [JavaFX Application Thread] DEBUG AssetLoader          - Loading from cache: /assets/sounds/explosion.wav
20:57:29.485 [JavaFX Application Thread] DEBUG EventBus             - Firing event: com.almasb.fxglgames.spaceinvaders.event.GameEvent[source=javafx.event.Event$$Lambda$81/1625663907@1fdf3f4b]
20:57:29.486 [JavaFX Application Thread] DEBUG AssetLoader          - Loading from disk: /assets/textures/bomb.png
20:57:30.619 [JavaFX Application Thread] DEBUG AssetLoader          - Loading from cache: /assets/textures/tank_bullet.png
20:57:30.620 [JavaFX Application Thread] DEBUG AssetLoader          - Loading from cache: /assets/sounds/shoot1.wav
20:57:31.416 [JavaFX Application Thread] DEBUG AppStateMachine      - Push state: DialogSubState
20:57:31.416 [JavaFX Application Thread] DEBUG Input                - Clearing active input actions
20:57:31.416 [JavaFX Application Thread] DEBUG AppStateMachine      - PlayState -> DialogSubState
20:57:32.424 [JavaFX Application Thread] DEBUG AppStateMachine      - Pop state: DialogSubState
20:57:32.425 [JavaFX Application Thread] DEBUG Input                - Clearing active input actions
20:57:32.425 [JavaFX Application Thread] DEBUG AppStateMachine      - PlayState <- DialogSubState
20:57:32.425 [JavaFX Application Thread] DEBUG GameApplication      - Exiting game application
20:57:32.426 [JavaFX Application Thread] DEBUG GameApplication      - Shutting down background threads
20:57:32.427 [JavaFX Application Thread] DEBUG GameApplication      - Exiting FXGL
20:57:32.427 [JavaFX Application Thread] DEBUG FXGL                 - Saving FXGL system data
20:57:32.429 [JavaFX Application Thread] DEBUG IOTask               - Executing task: writeDataTask(system/fxgl.bundle)
20:57:32.431 [JavaFX Application Thread] DEBUG FS                   - Writing to: system\fxgl.bundle
20:57:32.436 [JavaFX Application Thread] DEBUG IOTask               - Task succeeded: writeDataTask(system/fxgl.bundle)
20:57:32.436 [JavaFX Application Thread] DEBUG GameApplication      - Closing logger and exiting JavaFX
