21:14:45.002 [JavaFX Application Thread] DEBUG GameApplication      - Logger initialized
21:14:45.436 [JavaFX Application Thread] DEBUG GameApplication      - Starting FXGL
21:14:45.436 [JavaFX Application Thread] INFO  Version              - FXGL-0.3.9
21:14:45.437 [JavaFX Application Thread] INFO  Version              - Source code and latest versions at: https://github.com/AlmasB/FXGL
21:14:45.437 [JavaFX Application Thread] INFO  Version              -              Join the FXGL chat at: https://gitter.im/AlmasB/FXGL
21:14:45.488 [FXGL Launcher Thread     ] DEBUG FXGL                 - Loading FXGL system data
21:14:45.494 [FXGL Launcher Thread     ] DEBUG IOTask               - Executing task: readDataTask(system/fxgl.bundle)
21:14:45.511 [FXGL Launcher Thread     ] DEBUG FS                   - Reading from: system\fxgl.bundle
21:14:45.525 [FXGL Launcher Thread     ] DEBUG IOTask               - Task succeeded: readDataTask(system/fxgl.bundle)
21:14:45.525 [FXGL Launcher Thread     ] DEBUG Bundle               - Logging bundle: FXGL
21:14:45.526 [FXGL Launcher Thread     ] DEBUG Bundle               - FXGL.offline.timer.version.check=2017-12-09T23:23:28.665
21:14:45.527 [FXGL Launcher Thread     ] DEBUG GameApplication      - FXGL configuration complete
21:14:45.530 [FXGL Launcher Thread     ] INFO  GameApplication      - FXGL configuration took:  0.088 sec
21:14:45.531 [FXGL Launcher Thread     ] DEBUG GameApplication      - Logging game settings
Title: Space Invaders
Version: 0.9.7
Width: 650
Height: 800
Fullscreen: false
Intro: false
Menus: false
Profiling: false
App Mode: DEVELOPER
Menu Key: ESCAPE
Scene Factory: class com.almasb.fxgl.scene.SceneFactory
Dialog Factory: class com.almasb.fxgl.service.impl.display.FXGLDialogFactory
UI Factory: class com.almasb.fxgl.service.impl.ui.FXGLUIFactory
Notification Service: class com.almasb.fxgl.service.impl.notification.FXGLNotificationService
Exception Handler: class com.almasb.fxgl.app.FXGLExceptionHandler
21:14:45.568 [FXGL Launcher Thread     ] DEBUG GameApplication      - Configuring GameApplication
21:14:45.573 [FXGL Launcher Thread     ] DEBUG AppStateMachine      - Initializing application states
21:14:45.583 [FXGL Launcher Thread     ] DEBUG AssetLoader          - Asset cacheSize=35
21:14:45.584 [FXGL Launcher Thread     ] DEBUG AssetLoader          - Loading from disk: /assets/ui/cursors/fxgl_default.png
21:14:45.617 [FXGL Launcher Thread     ] DEBUG AssetLoader          - Loading from disk: /assets/ui/cursors/fxgl_default.png
21:14:45.634 [FXGL Launcher Thread     ] DEBUG AssetLoader          - Loading from disk: /assets/sounds/core/notification.wav
21:14:45.701 [FXGL Launcher Thread     ] DEBUG AssetLoader          - Loading from disk: /assets/sounds/menu/select.wav
21:14:45.703 [FXGL Launcher Thread     ] DEBUG AssetLoader          - Loading from disk: /assets/sounds/menu/back.wav
21:14:45.706 [FXGL Launcher Thread     ] DEBUG AssetLoader          - Loading from disk: /assets/sounds/menu/press.wav
21:14:45.709 [FXGL Launcher Thread     ] DEBUG AssetLoader          - Loading from disk: /assets/ui/fonts/kenvector_future_thin.ttf
21:14:45.871 [FXGL Launcher Thread     ] DEBUG AssetLoader          - Loading from disk: /assets/ui/fonts/lucida_console.ttf
21:14:45.875 [FXGL Launcher Thread     ] DEBUG AssetLoader          - Loading from disk: /assets/ui/css/fxgl_dark.css
21:14:45.876 [FXGL Launcher Thread     ] DEBUG AssetLoader          - Loading from disk: /assets/ui/icons/fxgl_icon.png
21:14:45.912 [FXGL Launcher Thread     ] DEBUG AssetLoader          - Loading from disk: /assets/ui/cursors/fxgl_default.png
21:14:45.938 [FXGL Launcher Thread     ] DEBUG FXGL.GameScene       - Game scene initialized: 650x800
21:14:45.947 [FXGL Launcher Thread     ] DEBUG FXGL.GameWorld       - Game world initialized
21:14:46.026 [FXGL Launcher Thread     ] DEBUG FXGL.PhysicsWorld    - Physics world initialized: appHeight=800, physics.ppm=50.0
21:14:46.052 [FXGL Launcher Thread     ] DEBUG Input                - Registered new binding: Pause - Esc
21:14:46.088 [FXGL Launcher Thread     ] INFO  GameApplication      - Game configuration took:  0.519 sec
21:14:46.096 [JavaFX Application Thread] DEBUG MainWindow           - App size > screen size
21:14:46.096 [JavaFX Application Thread] DEBUG MainWindow           - Target size: 650.0 x 800.0 @ 1.0
21:14:46.097 [JavaFX Application Thread] DEBUG MainWindow           - New size:    591.0 x 727.3846153846154 @ 0.9092307692307692
21:14:46.097 [JavaFX Application Thread] DEBUG MainWindow           - Opening main window
21:14:46.166 [JavaFX Application Thread] DEBUG MainWindow           - Root size:  650.0x760.0
21:14:46.167 [JavaFX Application Thread] DEBUG MainWindow           - Scene size: 650.0x760.0
21:14:46.167 [JavaFX Application Thread] DEBUG MainWindow           - Stage size: 656.0x788.0
21:14:46.167 [JavaFX Application Thread] DEBUG GameApplication      - Running preInit()
21:14:46.174 [JavaFX Application Thread] DEBUG AchievementManager   - Registered new achievement "Hitman"
21:14:46.175 [JavaFX Application Thread] DEBUG AchievementManager   - Registered new achievement "Master Scorer"
21:14:46.176 [JavaFX Application Thread] DEBUG Input                - Registered new binding: Screenshot - P
21:14:46.177 [JavaFX Application Thread] DEBUG Input                - Registered new binding: Dev Options - CTRL+0
21:14:46.178 [JavaFX Application Thread] DEBUG Input                - Registered new binding: Next Level - L
21:14:46.180 [JavaFX Application Thread] DEBUG Input                - Registered new binding: Move Left - A
21:14:46.181 [JavaFX Application Thread] DEBUG Input                - Registered new binding: Laser Beam - SECONDARY
21:14:46.181 [JavaFX Application Thread] DEBUG Input                - Registered new binding: Shoot - PRIMARY
21:14:46.181 [JavaFX Application Thread] DEBUG Input                - Registered new binding: Move Right - D
21:14:46.187 [JavaFX Application Thread] DEBUG AssetLoader          - Loading from disk: /assets/music/bgm.mp3
21:14:46.254 [JavaFX Application Thread] DEBUG AudioPlayer          - Playing music Music [balance=0.0, volume=1.0, rate=1.0, cycleCount=2147483647]
21:14:46.306 [JavaFX Application Thread] DEBUG GameApplication      - Starting main loop
21:14:46.313 [JavaFX Application Thread] DEBUG StartupState         - STARTUP
21:14:46.313 [JavaFX Application Thread] DEBUG GameApplication      - Starting new game
21:14:46.313 [JavaFX Application Thread] DEBUG Input                - Clearing active input actions
21:14:46.313 [JavaFX Application Thread] DEBUG AppStateMachine      - StartupState -> LoadingState
21:14:46.653 [JavaFX Application Thread] DEBUG AnnotationParser     - @SetEntityFactory: [SpaceInvadersFactory]
21:14:46.653 [JavaFX Application Thread] DEBUG AnnotationParser     - @AddCollisionHandler: [BonusPlayerHandler, BulletBossHandler, BulletEnemyHandler, BulletPlayerHandler, BulletWallHandler, LaserBeamEnemyHandler]
21:14:46.659 [FXGL Background Thread 1 ] DEBUG InitAppTask          - Clearing previous game
21:14:46.659 [FXGL Background Thread 1 ] DEBUG FXGL.GameWorld       - Clearing game world
21:14:46.659 [FXGL Background Thread 1 ] DEBUG FXGL.PhysicsWorld    - Clearing physics world
21:14:46.660 [FXGL Background Thread 1 ] DEBUG FXGL.GameScene       - Clearing game scene
21:14:46.660 [FXGL Background Thread 1 ] DEBUG InitAppTask          - Initializing Assets
21:14:46.661 [FXGL Background Thread 1 ] DEBUG InitAppTask          - Initializing Game
21:14:46.685 [FXGL Background Thread 1 ] DEBUG IOTask               - Executing task: readDataTask(./hiscore.dat)
21:14:46.686 [FXGL Background Thread 1 ] DEBUG FS                   - Reading from: .\hiscore.dat
21:14:46.688 [FXGL Background Thread 1 ] DEBUG IOTask               - Task succeeded: readDataTask(./hiscore.dat)
21:14:46.731 [FXGL Background Thread 1 ] DEBUG AssetLoader          - Loading from disk: /assets/textures/background/background.png
21:14:46.963 [FXGL Background Thread 1 ] DEBUG FXGL.GameScene       - Creating render group for layer: BACKGROUND(1000)
21:14:46.987 [FXGL Background Thread 1 ] DEBUG AssetLoader          - Loading from disk: /assets/textures/player2.png
21:14:46.995 [FXGL Background Thread 1 ] DEBUG FXGL.GameScene       - Creating render group for layer: TOP(2147483647)
21:14:46.996 [FXGL Background Thread 1 ] DEBUG InitAppTask          - Initializing Physics
21:14:46.997 [FXGL Background Thread 1 ] DEBUG InitAppTask          - Initializing UI
21:14:47.000 [FXGL Background Thread 1 ] DEBUG AssetLoader          - Loading from disk: /assets/ui/main.fxml
21:14:47.083 [FXGL Background Thread 1 ] DEBUG AssetLoader          - Loading from disk: /assets/textures/life.png
21:14:47.085 [FXGL Background Thread 1 ] DEBUG AssetLoader          - Loading from cache: /assets/textures/life.png@16.0x16.0
21:14:47.085 [FXGL Background Thread 1 ] DEBUG AssetLoader          - Loading from cache: /assets/textures/life.png@16.0x16.0
21:14:47.086 [FXGL Background Thread 1 ] DEBUG InitAppTask          - Initialization Complete
21:14:47.086 [FXGL Background Thread 1 ] INFO  InitAppTask          - Game initialization took: 0.427 sec
21:14:47.088 [JavaFX Application Thread] DEBUG Input                - Clearing active input actions
21:14:47.088 [JavaFX Application Thread] DEBUG AppStateMachine      - LoadingState -> PlayState
21:14:47.268 [JavaFX Application Thread] DEBUG AssetLoader          - Loading from disk: /assets/sounds/level.wav
21:14:48.853 [JavaFX Application Thread] DEBUG AssetLoader          - Loading from disk: /assets/textures/enemy2.png
21:14:48.870 [JavaFX Application Thread] DEBUG AssetLoader          - Loading from cache: /assets/textures/enemy2.png
21:14:48.872 [JavaFX Application Thread] DEBUG AssetLoader          - Loading from cache: /assets/textures/enemy2.png
21:14:48.875 [JavaFX Application Thread] DEBUG AssetLoader          - Loading from cache: /assets/textures/enemy2.png
21:14:48.877 [JavaFX Application Thread] DEBUG AssetLoader          - Loading from disk: /assets/textures/enemy1.png
21:14:48.880 [JavaFX Application Thread] DEBUG AssetLoader          - Loading from cache: /assets/textures/enemy1.png
21:14:48.882 [JavaFX Application Thread] DEBUG AssetLoader          - Loading from cache: /assets/textures/enemy1.png
21:14:48.885 [JavaFX Application Thread] DEBUG AssetLoader          - Loading from cache: /assets/textures/enemy2.png
21:14:48.887 [JavaFX Application Thread] DEBUG AssetLoader          - Loading from disk: /assets/textures/enemy3.png
21:14:48.889 [JavaFX Application Thread] DEBUG AssetLoader          - Loading from cache: /assets/textures/enemy3.png
21:14:48.891 [JavaFX Application Thread] DEBUG AssetLoader          - Loading from cache: /assets/textures/enemy2.png
21:14:48.893 [JavaFX Application Thread] DEBUG AssetLoader          - Loading from cache: /assets/textures/enemy1.png
21:14:48.895 [JavaFX Application Thread] DEBUG AssetLoader          - Loading from cache: /assets/textures/enemy3.png
21:14:48.897 [JavaFX Application Thread] DEBUG AssetLoader          - Loading from cache: /assets/textures/enemy2.png
21:14:48.899 [JavaFX Application Thread] DEBUG AssetLoader          - Loading from cache: /assets/textures/enemy1.png
21:14:48.901 [JavaFX Application Thread] DEBUG AssetLoader          - Loading from cache: /assets/textures/enemy3.png
21:14:48.902 [JavaFX Application Thread] DEBUG AssetLoader          - Loading from disk: /assets/textures/wall.png
21:14:48.908 [JavaFX Application Thread] DEBUG AssetLoader          - Loading from cache: /assets/textures/wall.png@77.0x34.0
21:14:48.910 [JavaFX Application Thread] DEBUG AssetLoader          - Loading from cache: /assets/textures/wall.png@77.0x34.0
21:14:48.911 [JavaFX Application Thread] DEBUG AssetLoader          - Loading from cache: /assets/textures/wall.png@77.0x34.0
21:14:49.499 [JavaFX Application Thread] DEBUG AssetLoader          - Loading from disk: /assets/textures/laser2.png
21:14:49.501 [JavaFX Application Thread] DEBUG AssetLoader          - Loading from disk: /assets/sounds/shoot4.wav
21:14:49.857 [JavaFX Application Thread] DEBUG AssetLoader          - Loading from cache: /assets/textures/laser2.png
21:14:49.858 [JavaFX Application Thread] DEBUG AssetLoader          - Loading from disk: /assets/sounds/shoot1.wav
21:14:49.889 [JavaFX Application Thread] DEBUG AssetLoader          - Loading from disk: /assets/textures/laser_hit.png
21:14:50.209 [JavaFX Application Thread] DEBUG AssetLoader          - Loading from cache: /assets/textures/laser2.png
21:14:50.209 [JavaFX Application Thread] DEBUG AssetLoader          - Loading from cache: /assets/sounds/shoot1.wav
21:14:50.246 [JavaFX Application Thread] DEBUG AssetLoader          - Loading from disk: /assets/textures/explosion.png
21:14:50.266 [JavaFX Application Thread] DEBUG AssetLoader          - Loading from disk: /assets/sounds/explosion.wav
21:14:50.268 [JavaFX Application Thread] DEBUG EventBus             - Firing event: com.almasb.fxglgames.spaceinvaders.event.GameEvent[source=javafx.event.Event$$Lambda$81/852914863@7f026f4c]
21:14:50.271 [JavaFX Application Thread] DEBUG AssetLoader          - Loading from disk: /assets/textures/powerup_atk_rate.png
21:14:50.528 [JavaFX Application Thread] DEBUG AssetLoader          - Loading from disk: /assets/textures/background/meteor3.png
21:14:50.530 [JavaFX Application Thread] DEBUG FXGL.GameScene       - Creating render group for layer: METEORS(1001)
21:14:50.689 [JavaFX Application Thread] DEBUG AssetLoader          - Loading from cache: /assets/textures/laser2.png
21:14:50.690 [JavaFX Application Thread] DEBUG AssetLoader          - Loading from cache: /assets/sounds/shoot4.wav
21:14:50.721 [JavaFX Application Thread] DEBUG AssetLoader          - Loading from cache: /assets/textures/laser_hit.png@15.0x15.0
21:14:50.864 [JavaFX Application Thread] DEBUG AssetLoader          - Loading from disk: /assets/textures/player2.png
21:14:50.868 [JavaFX Application Thread] DEBUG FXGL.GameScene       - Creating render group for layer: PARTICLES(5000)
21:14:50.995 [JavaFX Application Thread] DEBUG AssetLoader          - Loading from disk: /assets/textures/tank_bullet.png
21:14:50.997 [JavaFX Application Thread] DEBUG AssetLoader          - Loading from disk: /assets/sounds/shoot2.wav
21:14:51.001 [JavaFX Application Thread] DEBUG AssetLoader          - Loading from cache: /assets/textures/tank_bullet.png
21:14:51.002 [JavaFX Application Thread] DEBUG AssetLoader          - Loading from cache: /assets/sounds/shoot1.wav
21:14:51.003 [JavaFX Application Thread] DEBUG AssetLoader          - Loading from cache: /assets/textures/tank_bullet.png
21:14:51.005 [JavaFX Application Thread] DEBUG AssetLoader          - Loading from cache: /assets/sounds/shoot4.wav
21:14:51.006 [JavaFX Application Thread] DEBUG AssetLoader          - Loading from cache: /assets/textures/tank_bullet.png
21:14:51.007 [JavaFX Application Thread] DEBUG AssetLoader          - Loading from cache: /assets/sounds/shoot2.wav
21:14:51.008 [JavaFX Application Thread] DEBUG AssetLoader          - Loading from cache: /assets/textures/tank_bullet.png
21:14:51.009 [JavaFX Application Thread] DEBUG AssetLoader          - Loading from cache: /assets/sounds/shoot4.wav
21:14:51.009 [JavaFX Application Thread] DEBUG AssetLoader          - Loading from cache: /assets/textures/tank_bullet.png
21:14:51.010 [JavaFX Application Thread] DEBUG AssetLoader          - Loading from cache: /assets/sounds/shoot1.wav
21:14:51.031 [JavaFX Application Thread] DEBUG AssetLoader          - Loading from cache: /assets/textures/laser2.png
21:14:51.032 [JavaFX Application Thread] DEBUG AssetLoader          - Loading from cache: /assets/sounds/shoot4.wav
21:14:51.077 [JavaFX Application Thread] DEBUG AssetLoader          - Loading from cache: /assets/textures/explosion.png@1280.0x80.0
21:14:51.079 [JavaFX Application Thread] DEBUG AssetLoader          - Loading from cache: /assets/sounds/explosion.wav
21:14:51.079 [JavaFX Application Thread] DEBUG EventBus             - Firing event: com.almasb.fxglgames.spaceinvaders.event.GameEvent[source=javafx.event.Event$$Lambda$81/852914863@7f026f4c]
21:14:51.079 [JavaFX Application Thread] DEBUG EventBus             - Firing event: AchievementEvent[name=Master Scorer,description= Score 1000 points]
21:14:51.090 [JavaFX Application Thread] DEBUG EventBus             - Firing event: NotificationEvent[message=You got an achievement! Master Scorer]
21:14:51.092 [JavaFX Application Thread] DEBUG AssetLoader          - Loading from disk: /assets/textures/life.png
21:14:51.427 [JavaFX Application Thread] DEBUG AssetLoader          - Loading from cache: /assets/textures/laser2.png
21:14:51.428 [JavaFX Application Thread] DEBUG AssetLoader          - Loading from disk: /assets/sounds/shoot3.wav
21:14:51.467 [JavaFX Application Thread] DEBUG AssetLoader          - Loading from cache: /assets/textures/laser_hit.png@15.0x15.0
21:14:51.586 [JavaFX Application Thread] DEBUG EventBus             - Firing event: com.almasb.fxglgames.spaceinvaders.event.GameEvent[source=javafx.event.Event$$Lambda$81/852914863@7f026f4c]
21:14:51.592 [JavaFX Application Thread] DEBUG AssetLoader          - Loading from disk: /assets/sounds/lose_life.wav
21:14:51.746 [JavaFX Application Thread] DEBUG AssetLoader          - Loading from cache: /assets/textures/laser2.png
21:14:51.746 [JavaFX Application Thread] DEBUG AssetLoader          - Loading from cache: /assets/sounds/shoot1.wav
21:14:51.761 [JavaFX Application Thread] DEBUG AssetLoader          - Loading from cache: /assets/textures/laser_hit.png@15.0x15.0
21:14:52.032 [JavaFX Application Thread] DEBUG AssetLoader          - Loading from cache: /assets/textures/laser2.png
21:14:52.033 [JavaFX Application Thread] DEBUG AssetLoader          - Loading from cache: /assets/sounds/shoot1.wav
21:14:52.034 [JavaFX Application Thread] DEBUG AssetLoader          - Loading from cache: /assets/textures/tank_bullet.png
21:14:52.035 [JavaFX Application Thread] DEBUG AssetLoader          - Loading from cache: /assets/sounds/shoot1.wav
21:14:52.049 [JavaFX Application Thread] DEBUG AssetLoader          - Loading from cache: /assets/textures/explosion.png@1280.0x80.0
21:14:52.050 [JavaFX Application Thread] DEBUG AssetLoader          - Loading from cache: /assets/sounds/explosion.wav
21:14:52.050 [JavaFX Application Thread] DEBUG EventBus             - Firing event: com.almasb.fxglgames.spaceinvaders.event.GameEvent[source=javafx.event.Event$$Lambda$81/852914863@7f026f4c]
21:14:52.052 [JavaFX Application Thread] DEBUG AssetLoader          - Loading from cache: /assets/textures/powerup_atk_rate.png
21:14:52.305 [JavaFX Application Thread] DEBUG AssetLoader          - Loading from cache: /assets/textures/laser2.png
21:14:52.305 [JavaFX Application Thread] DEBUG AssetLoader          - Loading from cache: /assets/sounds/shoot2.wav
21:14:52.355 [JavaFX Application Thread] DEBUG AssetLoader          - Loading from cache: /assets/textures/explosion.png@1280.0x80.0
21:14:52.356 [JavaFX Application Thread] DEBUG AssetLoader          - Loading from cache: /assets/sounds/explosion.wav
21:14:52.356 [JavaFX Application Thread] DEBUG EventBus             - Firing event: com.almasb.fxglgames.spaceinvaders.event.GameEvent[source=javafx.event.Event$$Lambda$81/852914863@7f026f4c]
21:14:52.357 [JavaFX Application Thread] DEBUG AssetLoader          - Loading from disk: /assets/textures/rbomb.png
21:14:52.609 [JavaFX Application Thread] DEBUG AssetLoader          - Loading from cache: /assets/textures/laser2.png
21:14:52.609 [JavaFX Application Thread] DEBUG AssetLoader          - Loading from cache: /assets/sounds/shoot2.wav
21:14:52.913 [JavaFX Application Thread] DEBUG AssetLoader          - Loading from cache: /assets/textures/laser2.png
21:14:52.914 [JavaFX Application Thread] DEBUG AssetLoader          - Loading from cache: /assets/sounds/shoot1.wav
21:14:53.264 [JavaFX Application Thread] DEBUG AssetLoader          - Loading from cache: /assets/textures/laser2.png
21:14:53.265 [JavaFX Application Thread] DEBUG AssetLoader          - Loading from cache: /assets/sounds/shoot4.wav
21:14:53.297 [JavaFX Application Thread] DEBUG AssetLoader          - Loading from cache: /assets/textures/laser_hit.png@15.0x15.0
21:14:53.328 [JavaFX Application Thread] DEBUG AssetLoader          - Loading from cache: /assets/textures/background/meteor3.png
21:14:53.537 [JavaFX Application Thread] DEBUG AssetLoader          - Loading from cache: /assets/textures/tank_bullet.png
21:14:53.538 [JavaFX Application Thread] DEBUG AssetLoader          - Loading from cache: /assets/sounds/shoot2.wav
21:14:53.648 [JavaFX Application Thread] DEBUG AssetLoader          - Loading from cache: /assets/textures/laser_hit.png@15.0x15.0
21:14:54.129 [JavaFX Application Thread] DEBUG EventBus             - Firing event: com.almasb.fxglgames.spaceinvaders.event.BonusPickupEvent[source=javafx.event.Event$$Lambda$81/852914863@7f026f4c]
21:14:54.355 [JavaFX Application Thread] DEBUG AssetLoader          - Loading from cache: /assets/textures/tank_bullet.png
21:14:54.356 [JavaFX Application Thread] DEBUG AssetLoader          - Loading from cache: /assets/sounds/shoot2.wav
21:14:54.593 [JavaFX Application Thread] DEBUG AssetLoader          - Loading from cache: /assets/textures/tank_bullet.png
21:14:54.594 [JavaFX Application Thread] DEBUG AssetLoader          - Loading from cache: /assets/sounds/shoot3.wav
21:14:55.584 [JavaFX Application Thread] DEBUG AssetLoader          - Loading from cache: /assets/textures/tank_bullet.png
21:14:55.585 [JavaFX Application Thread] DEBUG AssetLoader          - Loading from cache: /assets/sounds/shoot3.wav
21:14:55.664 [JavaFX Application Thread] DEBUG AssetLoader          - Loading from cache: /assets/textures/tank_bullet.png
21:14:55.665 [JavaFX Application Thread] DEBUG AssetLoader          - Loading from cache: /assets/sounds/shoot4.wav
21:14:56.144 [JavaFX Application Thread] DEBUG AssetLoader          - Loading from cache: /assets/textures/tank_bullet.png
21:14:56.145 [JavaFX Application Thread] DEBUG AssetLoader          - Loading from cache: /assets/sounds/shoot1.wav
21:14:56.336 [JavaFX Application Thread] DEBUG AssetLoader          - Loading from disk: /assets/textures/background/meteor2.png
21:14:56.464 [JavaFX Application Thread] DEBUG EventBus             - Firing event: com.almasb.fxglgames.spaceinvaders.event.BonusPickupEvent[source=javafx.event.Event$$Lambda$81/852914863@7f026f4c]
21:14:56.465 [JavaFX Application Thread] DEBUG AssetLoader          - Loading from cache: /assets/textures/explosion.png@1280.0x80.0
21:14:56.465 [JavaFX Application Thread] DEBUG AssetLoader          - Loading from cache: /assets/sounds/explosion.wav
21:14:56.466 [JavaFX Application Thread] DEBUG EventBus             - Firing event: com.almasb.fxglgames.spaceinvaders.event.GameEvent[source=javafx.event.Event$$Lambda$81/852914863@7f026f4c]
21:14:56.467 [JavaFX Application Thread] DEBUG AssetLoader          - Loading from cache: /assets/textures/rbomb.png
21:14:56.469 [JavaFX Application Thread] DEBUG AssetLoader          - Loading from cache: /assets/textures/explosion.png@1280.0x80.0
21:14:56.469 [JavaFX Application Thread] DEBUG AssetLoader          - Loading from cache: /assets/sounds/explosion.wav
21:14:56.470 [JavaFX Application Thread] DEBUG EventBus             - Firing event: com.almasb.fxglgames.spaceinvaders.event.GameEvent[source=javafx.event.Event$$Lambda$81/852914863@7f026f4c]
21:14:56.471 [JavaFX Application Thread] DEBUG AssetLoader          - Loading from cache: /assets/textures/life.png
21:14:56.472 [JavaFX Application Thread] DEBUG AssetLoader          - Loading from cache: /assets/textures/explosion.png@1280.0x80.0
21:14:56.473 [JavaFX Application Thread] DEBUG AssetLoader          - Loading from cache: /assets/sounds/explosion.wav
21:14:56.474 [JavaFX Application Thread] DEBUG EventBus             - Firing event: com.almasb.fxglgames.spaceinvaders.event.GameEvent[source=javafx.event.Event$$Lambda$81/852914863@7f026f4c]
21:14:56.475 [JavaFX Application Thread] DEBUG AssetLoader          - Loading from cache: /assets/textures/rbomb.png
21:14:56.477 [JavaFX Application Thread] FATAL GameApplication      - Uncaught Exception:
21:14:56.477 [JavaFX Application Thread] FATAL GameApplication      - 

Exception occurred: java.security.PrivilegedActionException : null
E: java.security.AccessController.doPrivileged(Native Method)
E: javafx.animation.AnimationTimer$AnimationTimerReceiver.handle(AnimationTimer.java:56)
E: com.sun.scenario.animation.AbstractMasterTimer.timePulseImpl(AbstractMasterTimer.java:357)
E: com.sun.scenario.animation.AbstractMasterTimer$MainLoop.run(AbstractMasterTimer.java:267)
E: com.sun.javafx.tk.quantum.QuantumToolkit.pulse(QuantumToolkit.java:506)
E: com.sun.javafx.tk.quantum.QuantumToolkit.pulse(QuantumToolkit.java:490)
E: com.sun.javafx.tk.quantum.QuantumToolkit.lambda$runToolkit$404(QuantumToolkit.java:319)
E: com.sun.glass.ui.InvokeLaterDispatcher$Future.run(InvokeLaterDispatcher.java:95)
E: com.sun.glass.ui.win.WinApplication._runLoop(Native Method)
E: com.sun.glass.ui.win.WinApplication.lambda$null$148(WinApplication.java:191)
E: java.lang.Thread.run(Unknown Source)

21:14:56.477 [JavaFX Application Thread] FATAL GameApplication      - Application will now exit
21:14:56.478 [JavaFX Application Thread] DEBUG GameApplication      - Stopping main loop
21:15:07.166 [JavaFX Application Thread] DEBUG GameApplication      - Exiting game application
21:15:07.167 [JavaFX Application Thread] DEBUG GameApplication      - Shutting down background threads
21:15:07.167 [JavaFX Application Thread] DEBUG GameApplication      - Exiting FXGL
21:15:07.167 [JavaFX Application Thread] DEBUG FXGL                 - Saving FXGL system data
21:15:07.169 [JavaFX Application Thread] DEBUG IOTask               - Executing task: writeDataTask(system/fxgl.bundle)
21:15:07.170 [JavaFX Application Thread] DEBUG FS                   - Writing to: system\fxgl.bundle
21:15:07.173 [JavaFX Application Thread] DEBUG IOTask               - Task succeeded: writeDataTask(system/fxgl.bundle)
21:15:07.174 [JavaFX Application Thread] DEBUG GameApplication      - Closing logger and exiting JavaFX
