21:13:37.615 [JavaFX Application Thread] DEBUG GameApplication      - Logger initialized
21:13:38.033 [JavaFX Application Thread] DEBUG GameApplication      - Starting FXGL
21:13:38.034 [JavaFX Application Thread] INFO  Version              - FXGL-0.3.9
21:13:38.034 [JavaFX Application Thread] INFO  Version              - Source code and latest versions at: https://github.com/AlmasB/FXGL
21:13:38.035 [JavaFX Application Thread] INFO  Version              -              Join the FXGL chat at: https://gitter.im/AlmasB/FXGL
21:13:38.086 [FXGL Launcher Thread     ] DEBUG FXGL                 - Loading FXGL system data
21:13:38.092 [FXGL Launcher Thread     ] DEBUG IOTask               - Executing task: readDataTask(system/fxgl.bundle)
21:13:38.104 [FXGL Launcher Thread     ] DEBUG FS                   - Reading from: system\fxgl.bundle
21:13:38.117 [FXGL Launcher Thread     ] DEBUG IOTask               - Task succeeded: readDataTask(system/fxgl.bundle)
21:13:38.118 [FXGL Launcher Thread     ] DEBUG Bundle               - Logging bundle: FXGL
21:13:38.119 [FXGL Launcher Thread     ] DEBUG Bundle               - FXGL.offline.timer.version.check=2017-12-09T23:23:28.665
21:13:38.119 [FXGL Launcher Thread     ] DEBUG GameApplication      - FXGL configuration complete
21:13:38.123 [FXGL Launcher Thread     ] INFO  GameApplication      - FXGL configuration took:  0.084 sec
21:13:38.124 [FXGL Launcher Thread     ] DEBUG GameApplication      - Logging game settings
Title: Space Invaders
Version: 0.9.7
Width: 650
Height: 800
Fullscreen: false
Intro: false
Menus: false
Profiling: false
App Mode: DEVELOPER
Menu Key: ESCAPE
Scene Factory: class com.almasb.fxgl.scene.SceneFactory
Dialog Factory: class com.almasb.fxgl.service.impl.display.FXGLDialogFactory
UI Factory: class com.almasb.fxgl.service.impl.ui.FXGLUIFactory
Notification Service: class com.almasb.fxgl.service.impl.notification.FXGLNotificationService
Exception Handler: class com.almasb.fxgl.app.FXGLExceptionHandler
21:13:38.160 [FXGL Launcher Thread     ] DEBUG GameApplication      - Configuring GameApplication
21:13:38.166 [FXGL Launcher Thread     ] DEBUG AppStateMachine      - Initializing application states
21:13:38.175 [FXGL Launcher Thread     ] DEBUG AssetLoader          - Asset cacheSize=35
21:13:38.176 [FXGL Launcher Thread     ] DEBUG AssetLoader          - Loading from disk: /assets/ui/cursors/fxgl_default.png
21:13:38.207 [FXGL Launcher Thread     ] DEBUG AssetLoader          - Loading from disk: /assets/ui/cursors/fxgl_default.png
21:13:38.221 [FXGL Launcher Thread     ] DEBUG AssetLoader          - Loading from disk: /assets/sounds/core/notification.wav
21:13:38.254 [FXGL Launcher Thread     ] DEBUG AssetLoader          - Loading from disk: /assets/sounds/menu/select.wav
21:13:38.256 [FXGL Launcher Thread     ] DEBUG AssetLoader          - Loading from disk: /assets/sounds/menu/back.wav
21:13:38.259 [FXGL Launcher Thread     ] DEBUG AssetLoader          - Loading from disk: /assets/sounds/menu/press.wav
21:13:38.262 [FXGL Launcher Thread     ] DEBUG AssetLoader          - Loading from disk: /assets/ui/fonts/kenvector_future_thin.ttf
21:13:38.436 [FXGL Launcher Thread     ] DEBUG AssetLoader          - Loading from disk: /assets/ui/fonts/lucida_console.ttf
21:13:38.441 [FXGL Launcher Thread     ] DEBUG AssetLoader          - Loading from disk: /assets/ui/css/fxgl_dark.css
21:13:38.441 [FXGL Launcher Thread     ] DEBUG AssetLoader          - Loading from disk: /assets/ui/icons/fxgl_icon.png
21:13:38.479 [FXGL Launcher Thread     ] DEBUG AssetLoader          - Loading from disk: /assets/ui/cursors/fxgl_default.png
21:13:38.507 [FXGL Launcher Thread     ] DEBUG FXGL.GameScene       - Game scene initialized: 650x800
21:13:38.514 [FXGL Launcher Thread     ] DEBUG FXGL.GameWorld       - Game world initialized
21:13:38.592 [FXGL Launcher Thread     ] DEBUG FXGL.PhysicsWorld    - Physics world initialized: appHeight=800, physics.ppm=50.0
21:13:38.621 [FXGL Launcher Thread     ] DEBUG Input                - Registered new binding: Pause - Esc
21:13:38.661 [FXGL Launcher Thread     ] INFO  GameApplication      - Game configuration took:  0.501 sec
21:13:38.665 [JavaFX Application Thread] DEBUG MainWindow           - App size > screen size
21:13:38.666 [JavaFX Application Thread] DEBUG MainWindow           - Target size: 650.0 x 800.0 @ 1.0
21:13:38.666 [JavaFX Application Thread] DEBUG MainWindow           - New size:    591.0 x 727.3846153846154 @ 0.9092307692307692
21:13:38.666 [JavaFX Application Thread] DEBUG MainWindow           - Opening main window
21:13:38.739 [JavaFX Application Thread] DEBUG MainWindow           - Root size:  650.0x760.0
21:13:38.740 [JavaFX Application Thread] DEBUG MainWindow           - Scene size: 650.0x760.0
21:13:38.740 [JavaFX Application Thread] DEBUG MainWindow           - Stage size: 656.0x788.0
21:13:38.740 [JavaFX Application Thread] DEBUG GameApplication      - Running preInit()
21:13:38.747 [JavaFX Application Thread] DEBUG AchievementManager   - Registered new achievement "Hitman"
21:13:38.747 [JavaFX Application Thread] DEBUG AchievementManager   - Registered new achievement "Master Scorer"
21:13:38.749 [JavaFX Application Thread] DEBUG Input                - Registered new binding: Screenshot - P
21:13:38.749 [JavaFX Application Thread] DEBUG Input                - Registered new binding: Dev Options - CTRL+0
21:13:38.750 [JavaFX Application Thread] DEBUG Input                - Registered new binding: Next Level - L
21:13:38.752 [JavaFX Application Thread] DEBUG Input                - Registered new binding: Move Left - A
21:13:38.753 [JavaFX Application Thread] DEBUG Input                - Registered new binding: Laser Beam - SECONDARY
21:13:38.753 [JavaFX Application Thread] DEBUG Input                - Registered new binding: Shoot - PRIMARY
21:13:38.753 [JavaFX Application Thread] DEBUG Input                - Registered new binding: Move Right - D
21:13:38.758 [JavaFX Application Thread] DEBUG AssetLoader          - Loading from disk: /assets/music/bgm.mp3
21:13:38.822 [JavaFX Application Thread] DEBUG AudioPlayer          - Playing music Music [balance=0.0, volume=1.0, rate=1.0, cycleCount=2147483647]
21:13:38.874 [JavaFX Application Thread] DEBUG GameApplication      - Starting main loop
21:13:38.880 [JavaFX Application Thread] DEBUG StartupState         - STARTUP
21:13:38.880 [JavaFX Application Thread] DEBUG GameApplication      - Starting new game
21:13:38.880 [JavaFX Application Thread] DEBUG Input                - Clearing active input actions
21:13:38.881 [JavaFX Application Thread] DEBUG AppStateMachine      - StartupState -> LoadingState
21:13:39.303 [JavaFX Application Thread] DEBUG AnnotationParser     - @AddCollisionHandler: [BonusPlayerHandler, BulletBossHandler, BulletEnemyHandler, BulletPlayerHandler, BulletWallHandler, LaserBeamEnemyHandler]
21:13:39.303 [JavaFX Application Thread] DEBUG AnnotationParser     - @SetEntityFactory: [SpaceInvadersFactory]
21:13:39.309 [FXGL Background Thread 1 ] DEBUG InitAppTask          - Clearing previous game
21:13:39.309 [FXGL Background Thread 1 ] DEBUG FXGL.GameWorld       - Clearing game world
21:13:39.309 [FXGL Background Thread 1 ] DEBUG FXGL.PhysicsWorld    - Clearing physics world
21:13:39.310 [FXGL Background Thread 1 ] DEBUG FXGL.GameScene       - Clearing game scene
21:13:39.310 [FXGL Background Thread 1 ] DEBUG InitAppTask          - Initializing Assets
21:13:39.311 [FXGL Background Thread 1 ] DEBUG InitAppTask          - Initializing Game
21:13:39.341 [FXGL Background Thread 1 ] DEBUG IOTask               - Executing task: readDataTask(./hiscore.dat)
21:13:39.341 [FXGL Background Thread 1 ] DEBUG FS                   - Reading from: .\hiscore.dat
21:13:39.343 [FXGL Background Thread 1 ] DEBUG IOTask               - Task succeeded: readDataTask(./hiscore.dat)
21:13:39.378 [FXGL Background Thread 1 ] DEBUG AssetLoader          - Loading from disk: /assets/textures/background/background.png
21:13:39.640 [FXGL Background Thread 1 ] DEBUG FXGL.GameScene       - Creating render group for layer: BACKGROUND(1000)
21:13:39.660 [FXGL Background Thread 1 ] DEBUG AssetLoader          - Loading from disk: /assets/textures/player2.png
21:13:39.667 [FXGL Background Thread 1 ] DEBUG FXGL.GameScene       - Creating render group for layer: TOP(2147483647)
21:13:39.667 [FXGL Background Thread 1 ] DEBUG InitAppTask          - Initializing Physics
21:13:39.670 [FXGL Background Thread 1 ] DEBUG InitAppTask          - Initializing UI
21:13:39.672 [FXGL Background Thread 1 ] DEBUG AssetLoader          - Loading from disk: /assets/ui/main.fxml
21:13:39.745 [FXGL Background Thread 1 ] DEBUG AssetLoader          - Loading from disk: /assets/textures/life.png
21:13:39.746 [FXGL Background Thread 1 ] DEBUG AssetLoader          - Loading from cache: /assets/textures/life.png@16.0x16.0
21:13:39.746 [FXGL Background Thread 1 ] DEBUG AssetLoader          - Loading from cache: /assets/textures/life.png@16.0x16.0
21:13:39.747 [FXGL Background Thread 1 ] DEBUG InitAppTask          - Initialization Complete
21:13:39.747 [FXGL Background Thread 1 ] INFO  InitAppTask          - Game initialization took: 0.438 sec
21:13:39.751 [JavaFX Application Thread] DEBUG Input                - Clearing active input actions
21:13:39.751 [JavaFX Application Thread] DEBUG AppStateMachine      - LoadingState -> PlayState
21:13:39.889 [JavaFX Application Thread] DEBUG AssetLoader          - Loading from disk: /assets/sounds/level.wav
21:13:41.434 [JavaFX Application Thread] DEBUG AssetLoader          - Loading from disk: /assets/textures/enemy3.png
21:13:41.447 [JavaFX Application Thread] DEBUG AssetLoader          - Loading from cache: /assets/textures/enemy3.png
21:13:41.449 [JavaFX Application Thread] DEBUG AssetLoader          - Loading from disk: /assets/textures/enemy2.png
21:13:41.451 [JavaFX Application Thread] DEBUG AssetLoader          - Loading from cache: /assets/textures/enemy3.png
21:13:41.453 [JavaFX Application Thread] DEBUG AssetLoader          - Loading from cache: /assets/textures/enemy3.png
21:13:41.455 [JavaFX Application Thread] DEBUG AssetLoader          - Loading from disk: /assets/textures/enemy1.png
21:13:41.458 [JavaFX Application Thread] DEBUG AssetLoader          - Loading from cache: /assets/textures/enemy2.png
21:13:41.460 [JavaFX Application Thread] DEBUG AssetLoader          - Loading from cache: /assets/textures/enemy2.png
21:13:41.461 [JavaFX Application Thread] DEBUG AssetLoader          - Loading from cache: /assets/textures/enemy3.png
21:13:41.464 [JavaFX Application Thread] DEBUG AssetLoader          - Loading from cache: /assets/textures/enemy1.png
21:13:41.466 [JavaFX Application Thread] DEBUG AssetLoader          - Loading from cache: /assets/textures/enemy2.png
21:13:41.468 [JavaFX Application Thread] DEBUG AssetLoader          - Loading from cache: /assets/textures/enemy3.png
21:13:41.469 [JavaFX Application Thread] DEBUG AssetLoader          - Loading from cache: /assets/textures/enemy2.png
21:13:41.471 [JavaFX Application Thread] DEBUG AssetLoader          - Loading from cache: /assets/textures/enemy3.png
21:13:41.472 [JavaFX Application Thread] DEBUG AssetLoader          - Loading from cache: /assets/textures/enemy1.png
21:13:41.474 [JavaFX Application Thread] DEBUG AssetLoader          - Loading from cache: /assets/textures/enemy1.png
21:13:41.475 [JavaFX Application Thread] DEBUG AssetLoader          - Loading from disk: /assets/textures/wall.png
21:13:41.480 [JavaFX Application Thread] DEBUG AssetLoader          - Loading from cache: /assets/textures/wall.png@77.0x34.0
21:13:41.482 [JavaFX Application Thread] DEBUG AssetLoader          - Loading from cache: /assets/textures/wall.png@77.0x34.0
21:13:41.483 [JavaFX Application Thread] DEBUG AssetLoader          - Loading from cache: /assets/textures/wall.png@77.0x34.0
21:13:41.933 [JavaFX Application Thread] DEBUG AssetLoader          - Loading from disk: /assets/textures/laser2.png
21:13:41.935 [JavaFX Application Thread] DEBUG AssetLoader          - Loading from disk: /assets/sounds/shoot4.wav
21:13:42.296 [JavaFX Application Thread] DEBUG AssetLoader          - Loading from cache: /assets/textures/laser2.png
21:13:42.297 [JavaFX Application Thread] DEBUG AssetLoader          - Loading from disk: /assets/sounds/shoot1.wav
21:13:42.328 [JavaFX Application Thread] DEBUG AssetLoader          - Loading from disk: /assets/textures/laser_hit.png
21:13:42.648 [JavaFX Application Thread] DEBUG AssetLoader          - Loading from cache: /assets/textures/laser2.png
21:13:42.648 [JavaFX Application Thread] DEBUG AssetLoader          - Loading from disk: /assets/sounds/shoot3.wav
21:13:42.685 [JavaFX Application Thread] DEBUG AssetLoader          - Loading from disk: /assets/textures/explosion.png
21:13:42.709 [JavaFX Application Thread] DEBUG AssetLoader          - Loading from disk: /assets/sounds/explosion.wav
21:13:42.711 [JavaFX Application Thread] DEBUG EventBus             - Firing event: com.almasb.fxglgames.spaceinvaders.event.GameEvent[source=javafx.event.Event$$Lambda$81/387815227@71cbcbca]
21:13:42.714 [JavaFX Application Thread] DEBUG AssetLoader          - Loading from disk: /assets/textures/life.png
21:13:43.115 [JavaFX Application Thread] DEBUG AssetLoader          - Loading from disk: /assets/textures/background/meteor3.png
21:13:43.117 [JavaFX Application Thread] DEBUG FXGL.GameScene       - Creating render group for layer: METEORS(1001)
21:13:43.144 [JavaFX Application Thread] DEBUG AssetLoader          - Loading from cache: /assets/textures/laser2.png
21:13:43.145 [JavaFX Application Thread] DEBUG AssetLoader          - Loading from cache: /assets/sounds/shoot4.wav
21:13:43.176 [JavaFX Application Thread] DEBUG AssetLoader          - Loading from cache: /assets/textures/laser_hit.png@15.0x15.0
21:13:43.319 [JavaFX Application Thread] DEBUG AssetLoader          - Loading from disk: /assets/textures/player2.png
21:13:43.322 [JavaFX Application Thread] DEBUG FXGL.GameScene       - Creating render group for layer: PARTICLES(5000)
21:13:43.447 [JavaFX Application Thread] DEBUG AssetLoader          - Loading from cache: /assets/textures/laser2.png
21:13:43.448 [JavaFX Application Thread] DEBUG AssetLoader          - Loading from cache: /assets/sounds/shoot1.wav
21:13:43.466 [JavaFX Application Thread] DEBUG AssetLoader          - Loading from cache: /assets/textures/explosion.png@1280.0x80.0
21:13:43.466 [JavaFX Application Thread] DEBUG AssetLoader          - Loading from cache: /assets/sounds/explosion.wav
21:13:43.467 [JavaFX Application Thread] DEBUG EventBus             - Firing event: com.almasb.fxglgames.spaceinvaders.event.GameEvent[source=javafx.event.Event$$Lambda$81/387815227@71cbcbca]
21:13:43.467 [JavaFX Application Thread] DEBUG EventBus             - Firing event: AchievementEvent[name=Master Scorer,description= Score 1000 points]
21:13:43.478 [JavaFX Application Thread] DEBUG EventBus             - Firing event: NotificationEvent[message=You got an achievement! Master Scorer]
21:13:43.480 [JavaFX Application Thread] DEBUG AssetLoader          - Loading from cache: /assets/textures/life.png
21:13:43.577 [JavaFX Application Thread] DEBUG AssetLoader          - Loading from disk: /assets/textures/tank_bullet.png
21:13:43.580 [JavaFX Application Thread] DEBUG AssetLoader          - Loading from cache: /assets/sounds/shoot1.wav
21:13:43.815 [JavaFX Application Thread] DEBUG AssetLoader          - Loading from cache: /assets/textures/laser2.png
21:13:43.816 [JavaFX Application Thread] DEBUG AssetLoader          - Loading from cache: /assets/sounds/shoot1.wav
21:13:43.833 [JavaFX Application Thread] DEBUG AssetLoader          - Loading from cache: /assets/textures/laser_hit.png@15.0x15.0
21:13:44.120 [JavaFX Application Thread] DEBUG AssetLoader          - Loading from cache: /assets/textures/laser2.png
21:13:44.121 [JavaFX Application Thread] DEBUG AssetLoader          - Loading from disk: /assets/sounds/shoot2.wav
21:13:44.155 [JavaFX Application Thread] DEBUG AssetLoader          - Loading from cache: /assets/textures/laser_hit.png@15.0x15.0
21:13:44.232 [JavaFX Application Thread] DEBUG AssetLoader          - Loading from cache: /assets/textures/tank_bullet.png
21:13:44.233 [JavaFX Application Thread] DEBUG AssetLoader          - Loading from cache: /assets/sounds/shoot4.wav
21:13:44.439 [JavaFX Application Thread] DEBUG AssetLoader          - Loading from cache: /assets/textures/laser2.png
21:13:44.440 [JavaFX Application Thread] DEBUG AssetLoader          - Loading from cache: /assets/sounds/shoot1.wav
21:13:44.456 [JavaFX Application Thread] DEBUG AssetLoader          - Loading from cache: /assets/textures/explosion.png@1280.0x80.0
21:13:44.457 [JavaFX Application Thread] DEBUG AssetLoader          - Loading from cache: /assets/sounds/explosion.wav
21:13:44.457 [JavaFX Application Thread] DEBUG EventBus             - Firing event: com.almasb.fxglgames.spaceinvaders.event.GameEvent[source=javafx.event.Event$$Lambda$81/387815227@71cbcbca]
21:13:44.459 [JavaFX Application Thread] DEBUG AssetLoader          - Loading from disk: /assets/textures/bomb.png
21:13:44.600 [JavaFX Application Thread] DEBUG AssetLoader          - Loading from cache: /assets/textures/tank_bullet.png
21:13:44.601 [JavaFX Application Thread] DEBUG AssetLoader          - Loading from cache: /assets/sounds/shoot1.wav
21:13:44.727 [JavaFX Application Thread] DEBUG AssetLoader          - Loading from cache: /assets/textures/laser2.png
21:13:44.728 [JavaFX Application Thread] DEBUG AssetLoader          - Loading from cache: /assets/sounds/shoot3.wav
21:13:45.079 [JavaFX Application Thread] DEBUG AssetLoader          - Loading from cache: /assets/textures/laser2.png
21:13:45.080 [JavaFX Application Thread] DEBUG AssetLoader          - Loading from cache: /assets/sounds/shoot2.wav
21:13:45.432 [JavaFX Application Thread] DEBUG AssetLoader          - Loading from cache: /assets/textures/laser2.png
21:13:45.433 [JavaFX Application Thread] DEBUG AssetLoader          - Loading from cache: /assets/sounds/shoot4.wav
21:13:45.467 [JavaFX Application Thread] DEBUG AssetLoader          - Loading from cache: /assets/textures/laser_hit.png@15.0x15.0
21:13:45.783 [JavaFX Application Thread] DEBUG AssetLoader          - Loading from cache: /assets/textures/tank_bullet.png
21:13:45.784 [JavaFX Application Thread] DEBUG AssetLoader          - Loading from cache: /assets/sounds/shoot2.wav
21:13:45.832 [JavaFX Application Thread] DEBUG AssetLoader          - Loading from cache: /assets/textures/laser2.png
21:13:45.833 [JavaFX Application Thread] DEBUG AssetLoader          - Loading from cache: /assets/sounds/shoot3.wav
21:13:45.863 [JavaFX Application Thread] DEBUG AssetLoader          - Loading from cache: /assets/textures/laser_hit.png@15.0x15.0
21:13:46.023 [JavaFX Application Thread] DEBUG AssetLoader          - Loading from disk: /assets/textures/background/meteor1.png
21:13:46.199 [JavaFX Application Thread] DEBUG AssetLoader          - Loading from cache: /assets/textures/laser2.png
21:13:46.200 [JavaFX Application Thread] DEBUG AssetLoader          - Loading from cache: /assets/sounds/shoot1.wav
21:13:46.215 [JavaFX Application Thread] DEBUG AssetLoader          - Loading from cache: /assets/textures/tank_bullet.png
21:13:46.216 [JavaFX Application Thread] DEBUG AssetLoader          - Loading from cache: /assets/sounds/shoot1.wav
21:13:46.232 [JavaFX Application Thread] DEBUG AssetLoader          - Loading from cache: /assets/textures/explosion.png@1280.0x80.0
21:13:46.232 [JavaFX Application Thread] DEBUG AssetLoader          - Loading from cache: /assets/sounds/explosion.wav
21:13:46.233 [JavaFX Application Thread] DEBUG EventBus             - Firing event: com.almasb.fxglgames.spaceinvaders.event.GameEvent[source=javafx.event.Event$$Lambda$81/387815227@71cbcbca]
21:13:46.234 [JavaFX Application Thread] DEBUG AssetLoader          - Loading from disk: /assets/textures/powerup_atk_rate.png
21:13:46.551 [JavaFX Application Thread] DEBUG AssetLoader          - Loading from cache: /assets/textures/laser2.png
21:13:46.552 [JavaFX Application Thread] DEBUG AssetLoader          - Loading from cache: /assets/sounds/shoot3.wav
21:13:46.903 [JavaFX Application Thread] DEBUG AssetLoader          - Loading from cache: /assets/textures/laser2.png
21:13:46.904 [JavaFX Application Thread] DEBUG AssetLoader          - Loading from cache: /assets/sounds/shoot2.wav
21:13:47.256 [JavaFX Application Thread] DEBUG AssetLoader          - Loading from cache: /assets/textures/laser2.png
21:13:47.256 [JavaFX Application Thread] DEBUG AssetLoader          - Loading from cache: /assets/sounds/shoot1.wav
21:13:47.448 [JavaFX Application Thread] DEBUG AssetLoader          - Loading from cache: /assets/textures/tank_bullet.png
21:13:47.449 [JavaFX Application Thread] DEBUG AssetLoader          - Loading from cache: /assets/sounds/shoot1.wav
21:13:47.607 [JavaFX Application Thread] DEBUG AssetLoader          - Loading from cache: /assets/textures/laser2.png
21:13:47.608 [JavaFX Application Thread] DEBUG AssetLoader          - Loading from cache: /assets/sounds/shoot3.wav
21:13:47.639 [JavaFX Application Thread] DEBUG AssetLoader          - Loading from cache: /assets/textures/laser_hit.png@15.0x15.0
21:13:47.671 [JavaFX Application Thread] DEBUG EventBus             - Firing event: com.almasb.fxglgames.spaceinvaders.event.BonusPickupEvent[source=javafx.event.Event$$Lambda$81/387815227@71cbcbca]
21:13:47.672 [JavaFX Application Thread] DEBUG AssetLoader          - Loading from cache: /assets/textures/explosion.png@1280.0x80.0
21:13:47.673 [JavaFX Application Thread] DEBUG AssetLoader          - Loading from cache: /assets/sounds/explosion.wav
21:13:47.673 [JavaFX Application Thread] DEBUG EventBus             - Firing event: com.almasb.fxglgames.spaceinvaders.event.GameEvent[source=javafx.event.Event$$Lambda$81/387815227@71cbcbca]
21:13:47.674 [JavaFX Application Thread] DEBUG AssetLoader          - Loading from cache: /assets/textures/life.png
21:13:47.961 [JavaFX Application Thread] DEBUG AssetLoader          - Loading from cache: /assets/textures/laser2.png
21:13:47.962 [JavaFX Application Thread] DEBUG AssetLoader          - Loading from cache: /assets/sounds/shoot3.wav
21:13:47.992 [JavaFX Application Thread] DEBUG AssetLoader          - Loading from cache: /assets/textures/laser_hit.png@15.0x15.0
21:13:48.280 [JavaFX Application Thread] DEBUG AssetLoader          - Loading from cache: /assets/textures/laser2.png
21:13:48.281 [JavaFX Application Thread] DEBUG AssetLoader          - Loading from cache: /assets/sounds/shoot4.wav
21:13:48.345 [JavaFX Application Thread] DEBUG AssetLoader          - Loading from cache: /assets/textures/explosion.png@1280.0x80.0
21:13:48.346 [JavaFX Application Thread] DEBUG AssetLoader          - Loading from cache: /assets/sounds/explosion.wav
21:13:48.346 [JavaFX Application Thread] DEBUG EventBus             - Firing event: com.almasb.fxglgames.spaceinvaders.event.GameEvent[source=javafx.event.Event$$Lambda$81/387815227@71cbcbca]
21:13:48.347 [JavaFX Application Thread] DEBUG AssetLoader          - Loading from disk: /assets/textures/rbomb.png
21:13:48.456 [JavaFX Application Thread] DEBUG AssetLoader          - Loading from cache: /assets/textures/tank_bullet.png
21:13:48.457 [JavaFX Application Thread] DEBUG AssetLoader          - Loading from cache: /assets/sounds/shoot2.wav
21:13:48.472 [JavaFX Application Thread] DEBUG AssetLoader          - Loading from cache: /assets/textures/tank_bullet.png
21:13:48.472 [JavaFX Application Thread] DEBUG AssetLoader          - Loading from cache: /assets/sounds/shoot4.wav
21:13:48.615 [JavaFX Application Thread] DEBUG AssetLoader          - Loading from cache: /assets/textures/laser2.png
21:13:48.616 [JavaFX Application Thread] DEBUG AssetLoader          - Loading from cache: /assets/sounds/shoot1.wav
21:13:48.951 [JavaFX Application Thread] DEBUG AssetLoader          - Loading from cache: /assets/textures/laser2.png
21:13:48.952 [JavaFX Application Thread] DEBUG AssetLoader          - Loading from cache: /assets/sounds/shoot2.wav
21:13:49.048 [JavaFX Application Thread] DEBUG AssetLoader          - Loading from disk: /assets/textures/background/meteor4.png
21:13:49.303 [JavaFX Application Thread] DEBUG AssetLoader          - Loading from cache: /assets/textures/laser2.png
21:13:49.304 [JavaFX Application Thread] DEBUG AssetLoader          - Loading from cache: /assets/sounds/shoot3.wav
21:13:50.823 [JavaFX Application Thread] DEBUG AssetLoader          - Loading from cache: /assets/textures/tank_bullet.png
21:13:50.824 [JavaFX Application Thread] DEBUG AssetLoader          - Loading from cache: /assets/sounds/shoot3.wav
21:13:51.319 [JavaFX Application Thread] DEBUG AssetLoader          - Loading from cache: /assets/textures/tank_bullet.png
21:13:51.320 [JavaFX Application Thread] DEBUG AssetLoader          - Loading from cache: /assets/sounds/shoot3.wav
21:13:51.464 [JavaFX Application Thread] DEBUG EventBus             - Firing event: com.almasb.fxglgames.spaceinvaders.event.BonusPickupEvent[source=javafx.event.Event$$Lambda$81/387815227@71cbcbca]
21:13:51.465 [JavaFX Application Thread] DEBUG AssetLoader          - Loading from cache: /assets/textures/explosion.png@1280.0x80.0
21:13:51.467 [JavaFX Application Thread] DEBUG AssetLoader          - Loading from cache: /assets/sounds/explosion.wav
21:13:51.467 [JavaFX Application Thread] DEBUG EventBus             - Firing event: com.almasb.fxglgames.spaceinvaders.event.GameEvent[source=javafx.event.Event$$Lambda$81/387815227@71cbcbca]
21:13:51.468 [JavaFX Application Thread] DEBUG AssetLoader          - Loading from cache: /assets/textures/powerup_atk_rate.png
21:13:51.470 [JavaFX Application Thread] DEBUG AssetLoader          - Loading from cache: /assets/textures/explosion.png@1280.0x80.0
21:13:51.470 [JavaFX Application Thread] DEBUG AssetLoader          - Loading from cache: /assets/sounds/explosion.wav
21:13:51.471 [JavaFX Application Thread] DEBUG EventBus             - Firing event: com.almasb.fxglgames.spaceinvaders.event.GameEvent[source=javafx.event.Event$$Lambda$81/387815227@71cbcbca]
21:13:51.473 [JavaFX Application Thread] DEBUG AssetLoader          - Loading from cache: /assets/textures/powerup_atk_rate.png
21:13:51.476 [JavaFX Application Thread] DEBUG AssetLoader          - Loading from cache: /assets/textures/explosion.png@1280.0x80.0
21:13:51.476 [JavaFX Application Thread] DEBUG AssetLoader          - Loading from cache: /assets/sounds/explosion.wav
21:13:51.476 [JavaFX Application Thread] DEBUG EventBus             - Firing event: com.almasb.fxglgames.spaceinvaders.event.GameEvent[source=javafx.event.Event$$Lambda$81/387815227@71cbcbca]
21:13:51.478 [JavaFX Application Thread] DEBUG AssetLoader          - Loading from cache: /assets/textures/rbomb.png
21:13:51.479 [JavaFX Application Thread] DEBUG AssetLoader          - Loading from cache: /assets/textures/explosion.png@1280.0x80.0
21:13:51.480 [JavaFX Application Thread] WARN  FXGL.GameWorld       - Attempted to remove entity which is not active
21:13:51.480 [JavaFX Application Thread] DEBUG AssetLoader          - Loading from cache: /assets/sounds/explosion.wav
21:13:51.480 [JavaFX Application Thread] DEBUG EventBus             - Firing event: com.almasb.fxglgames.spaceinvaders.event.GameEvent[source=javafx.event.Event$$Lambda$81/387815227@71cbcbca]
21:13:51.487 [JavaFX Application Thread] DEBUG AssetLoader          - Loading from cache: /assets/textures/life.png
21:13:52.104 [JavaFX Application Thread] DEBUG AssetLoader          - Loading from cache: /assets/textures/background/meteor3.png
21:13:55.127 [JavaFX Application Thread] DEBUG AssetLoader          - Loading from cache: /assets/textures/background/meteor3.png
21:13:55.352 [JavaFX Application Thread] DEBUG EventBus             - Firing event: com.almasb.fxglgames.spaceinvaders.event.BonusPickupEvent[source=javafx.event.Event$$Lambda$81/387815227@71cbcbca]
21:13:55.353 [JavaFX Application Thread] DEBUG AssetLoader          - Loading from cache: /assets/textures/explosion.png@1280.0x80.0
21:13:55.354 [JavaFX Application Thread] DEBUG AssetLoader          - Loading from cache: /assets/sounds/explosion.wav
21:13:55.354 [JavaFX Application Thread] DEBUG EventBus             - Firing event: com.almasb.fxglgames.spaceinvaders.event.GameEvent[source=javafx.event.Event$$Lambda$81/387815227@71cbcbca]
21:13:55.355 [JavaFX Application Thread] DEBUG AssetLoader          - Loading from cache: /assets/textures/bomb.png
21:13:55.356 [JavaFX Application Thread] DEBUG AssetLoader          - Loading from cache: /assets/textures/explosion.png@1280.0x80.0
21:13:55.356 [JavaFX Application Thread] DEBUG AssetLoader          - Loading from cache: /assets/sounds/explosion.wav
21:13:55.356 [JavaFX Application Thread] DEBUG EventBus             - Firing event: com.almasb.fxglgames.spaceinvaders.event.GameEvent[source=javafx.event.Event$$Lambda$81/387815227@71cbcbca]
21:13:55.357 [JavaFX Application Thread] DEBUG AssetLoader          - Loading from cache: /assets/textures/powerup_atk_rate.png
21:13:55.358 [JavaFX Application Thread] DEBUG AssetLoader          - Loading from cache: /assets/textures/explosion.png@1280.0x80.0
21:13:55.359 [JavaFX Application Thread] DEBUG AssetLoader          - Loading from cache: /assets/sounds/explosion.wav
21:13:55.359 [JavaFX Application Thread] DEBUG EventBus             - Firing event: com.almasb.fxglgames.spaceinvaders.event.GameEvent[source=javafx.event.Event$$Lambda$81/387815227@71cbcbca]
21:13:55.359 [JavaFX Application Thread] DEBUG AssetLoader          - Loading from cache: /assets/textures/rbomb.png
21:13:55.360 [JavaFX Application Thread] FATAL GameApplication      - Uncaught Exception:
21:13:55.361 [JavaFX Application Thread] FATAL GameApplication      - 

Exception occurred: java.security.PrivilegedActionException : null
E: java.security.AccessController.doPrivileged(Native Method)
E: javafx.animation.AnimationTimer$AnimationTimerReceiver.handle(AnimationTimer.java:56)
E: com.sun.scenario.animation.AbstractMasterTimer.timePulseImpl(AbstractMasterTimer.java:357)
E: com.sun.scenario.animation.AbstractMasterTimer$MainLoop.run(AbstractMasterTimer.java:267)
E: com.sun.javafx.tk.quantum.QuantumToolkit.pulse(QuantumToolkit.java:506)
E: com.sun.javafx.tk.quantum.QuantumToolkit.pulse(QuantumToolkit.java:490)
E: com.sun.javafx.tk.quantum.QuantumToolkit.lambda$runToolkit$404(QuantumToolkit.java:319)
E: com.sun.glass.ui.InvokeLaterDispatcher$Future.run(InvokeLaterDispatcher.java:95)
E: com.sun.glass.ui.win.WinApplication._runLoop(Native Method)
E: com.sun.glass.ui.win.WinApplication.lambda$null$148(WinApplication.java:191)
E: java.lang.Thread.run(Unknown Source)

21:13:55.361 [JavaFX Application Thread] FATAL GameApplication      - Application will now exit
21:13:55.361 [JavaFX Application Thread] DEBUG GameApplication      - Stopping main loop
21:14:11.168 [JavaFX Application Thread] DEBUG GameApplication      - Exiting game application
21:14:11.169 [JavaFX Application Thread] DEBUG GameApplication      - Shutting down background threads
21:14:11.169 [JavaFX Application Thread] DEBUG GameApplication      - Exiting FXGL
21:14:11.170 [JavaFX Application Thread] DEBUG FXGL                 - Saving FXGL system data
21:14:11.171 [JavaFX Application Thread] DEBUG IOTask               - Executing task: writeDataTask(system/fxgl.bundle)
21:14:11.173 [JavaFX Application Thread] DEBUG FS                   - Writing to: system\fxgl.bundle
21:14:11.180 [JavaFX Application Thread] DEBUG IOTask               - Task succeeded: writeDataTask(system/fxgl.bundle)
21:14:11.180 [JavaFX Application Thread] DEBUG GameApplication      - Closing logger and exiting JavaFX
